Case #1:
706
706
706
706
706
705
705
705
705
705
705
705
705
705
706
706
707
707
706
706
706
706
706
706
708
707
708
708
708
707
708
708
708
708
708
708
708
708
708
708
708
708
710
710
710
711
710
707
707
707
707
708
708
708
707
707
707
707
707
707
707
707
707
706
706
706
706
706
705
705
706
706
706
706
706
704
704
704
704
704
704
705
705
702
701
704
703
703
703
704
705
702
702
702
702
701
702
702
703
702
702
703
703
703
703
703
703
703
703
703
703
703
701
701
701
702
702
702
702
702
702
700
700
700
700
705
705
704
704
704
704
705
704
706
706
706
707
706
705
705
705
705
705
704
704
704
704
704
704
704
704
702
702
702
702
701
700
700
700
700
699
698
697
698
697
697
698
698
698
698
698
698
697
698
698
698
698
698
698
700
700
699
698
698
697
697
697
697
699
698
698
698
698
698
698
698
698
698
698
699
699
699
700
700
700
700
701
701
701
701
701
702
703
703
703
703
703
704
701
701
701
702
702
702
702
702
702
702
702
703
703
703
705
705
705
705
705
705
704
704
704
704
704
704
703
703
702
702
701
701
701
700
700
700
701
702
702
701
701
700
700
700
700
699
699
699
699
698
700
699
698
698
698
698
698
698
698
697
695
695
695
695
695
695
695
695
695
695
695
695
695
696
695
695
694
694
695
696
696
696
696
697
697
697
697
697
696
696
696
696
696
697
697
697
695
695
695
695
697
697
697
697
698
698
698
698
698
701
701
701
701
701
701
701
701
701
701
701
704
705
704
704
704
704
704
704
704
704
704
704
705
705
704
704
704
704
704
706
705
705
705
705
705
705
705
705
705
705
705
705
703
703
703
703
703
703
703
702
701
701
701
701
700
700
701
701
702
702
702
702
702
702
702
702
702
702
702
702
704
703
703
705
705
704
704
701
702
701
702
702
702
701
702
702
703
702
701
701
700
701
701
701
701
701
701
701
701
701
701
701
701
701
701
700
700
700
700
704
704
704
704
705
705
704
703
703
702
703
700
700
699
699
699
699
700
701
701
701
701
701
701
701
701
701
700
700
700
700
700
701
701
701
701
701
702
702
702
702
700
700
700
699
699
699
701
700
702
702
702
702
701
701
701
702
702
Case #2:
75
75
75
76
76
78
78
78
79
79
80
80
82
83
82
82
82
82
82
81
81
82
83
83
83
83
83
83
83
83
84
84
84
84
84
84
84
84
84
85
85
85
85
85
85
85
85
85
85
85
84
84
84
84
84
84
84
84
84
85
85
84
84
84
84
84
84
84
Case #3:
343
343
343
343
341
340
340
340
340
340
340
340
340
341
341
340
338
337
337
337
338
338
338
338
339
339
339
339
340
340
340
338
338
337
336
336
336
336
336
335
333
333
332
332
332
331
331
332
332
333
333
334
334
334
334
334
334
334
334
334
334
335
335
335
335
335
335
335
335
337
337
337
336
336
336
336
336
336
336
336
336
334
334
334
330
329
329
329
329
328
329
329
329
329
329
328
328
328
328
328
328
328
328
328
328
327
324
324
324
324
323
323
323
323
322
322
321
321
321
318
318
319
319
319
319
318
318
318
318
318
317
317
317
317
318
316
316
316
316
316
317
316
318
318
318
318
318
318
318
319
320
321
321
321
319
319
319
319
319
318
318
318
320
320
321
321
321
321
320
320
321
321
319
316
316
316
316
315
317
317
316
315
315
315
315
315
316
316
316
316
316
316
316
316
316
316
316
316
316
315
316
315
314
314
314
313
313
313
313
313
313
312
312
313
312
312
312
312
312
311
311
311
310
310
310
310
310
310
311
311
311
311
311
308
309
309
309
309
309
310
310
310
307
306
306
309
309
309
309
308
308
308
308
308
308
313
313
313
315
315
316
315
315
315
315
316
316
316
317
317
317
318
318
318
316
316
316
316
316
315
315
315
315
315
315
315
315
314
314
316
316
316
316
318
319
321
321
321
321
321
321
321
320
320
320
320
320
320
320
321
322
322
324
324
324
325
325
324
325
325
Case #4:
75
74
74
74
74
74
74
74
74
74
74
74
74
76
76
76
75
75
80
80
80
78
78
78
78
77
75
75
75
75
75
75
76
76
75
74
74
74
74
74
75
76
75
75
75
74
74
73
74
74
74
74
74
74
74
74
74
74
75
75
76
76
76
76
76
77
78
78
78
79
79
79
79
81
80
80
80
80
80
80
81
81
82
82
81
81
81
81
81
81
80
80
80
80
81
80
79
79
79
79
79
78
78
78
78
78
79
79
79
79
79
78
79
79
79
79
79
79
79
80
80
80
80
79
78
78
80
80
80
79
79
79
79
79
78
78
78
78
78
77
75
74
74
73
73
73
73
71
70
71
70
70
70
71
71
69
69
70
70
70
71
71
71
71
73
73
73
73
73
73
74
74
76
76
77
77
76
76
77
77
77
77
77
77
77
77
77
77
76
76
76
76
76
76
77
77
77
75
75
75
75
75
72
74
74
74
74
73
72
73
73
73
73
73
73
72
72
72
72
73
74
74
74
74
74
75
75
74
74
74
74
74
74
74
75
75
76
76
76
76
76
76
76
76
76
75
75
75
75
75
75
73
73
73
73
73
73
72
72
72
72
71
71
71
73
73
73
73
73
73
72
72
72
72
72
72
72
72
72
72
72
72
73
73
73
73
74
74
74
74
74
74
74
74
74
74
74
74
73
73
73
73
73
73
73
74
74
74
74
75
75
Case #5:
329
329
329
327
327
327
327
327
329
329
329
329
329
328
327
327
326
326
327
327
327
327
328
328
328
328
328
328
328
328
328
328
330
330
332
332
332
332
332
332
333
333
333
333
333
333
333
334
334
335
335
335
336
337
337
336
336
336
336
337
338
338
338
338
338
338
338
337
337
337
337
337
337
337
337
337
337
337
337
337
337
337
337
337
337
338
337
333
333
335
335
335
335
336
336
336
336
336
337
334
334
334
334
335
335
334
334
333
335
332
332
332
332
333
332
332
332
332
332
332
331
331
331
331
331
330
330
330
330
329
329
331
332
331
330
330
330
330
330
330
330
330
330
329
329
329
329
329
329
329
329
329
326
326
326
326
326
327
327
326
326
325
325
325
325
325
325
325
327
327
327
327
326
323
323
323
322
322
322
322
322
322
322
322
321
321
321
321
320
320
320
320
320
320
320
319
319
319
320
320
320
320
320
320
320
319
318
318
318
318
317
318
318
317
317
315
315
315
315
315
318
318
318
318
318
318
318
318
320
320
320
319
318
318
318
318
318
318
318
318
317
315
315
315
315
314
315
315
315
316
316
316
316
316
316
315
314
314
314
315
315
315
315
315
315
316
315
315
315
315
317
319
319
319
319
319
319
320
320
321
323
323
323
324
324
324
325
326
326
324
324
324
323
324
324
324
324
324
324
324
324
324
324
324
324
324
324
327
327
327
328
328
328
328
329
329
329
329
329
329
329
329
328
328
331
329
329
329
329
329
332
332
331
331
331
331
330
330
332
332
332
332
333
331
331
331
330
330
330
331
332
332
332
332
329
329
330
329
326
326
326
327
326
326
328
328
328
328
328
328
326
326
326
326
326
326
328
328
328
329
329
329
329
329
329
329
331
329
329
329
329
329
329
328
328
329
329
329
329
328
328
328
328
328
329
329
331
331
332
332
332
332
332
333
333
332
331
331
331
331
331
331
329
329
329
328
327
327
328
328
328
328
327
327
327
325
Case #6:
4
2
2
2
Case #7:
50
50
50
50
50
48
46
46
46
46
46
46
45
45
45
45
45
45
45
44
41
41
40
40
41
40
40
40
40
38
38
38
38
38
38
38
36
35
33
33
33
33
33
34
34
34
34
34
32
32
31
31
32
34
35
35
35
35
37
37
38
38
38
39
39
39
39
39
38
39
39
39
39
40
40
40
40
41
42
42
42
42
42
42
42
44
44
44
44
44
44
44
44
44
44
43
42
42
43
43
43
43
42
42
43
43
43
45
44
44
44
44
44
44
44
44
44
44
44
46
48
48
48
47
47
47
45
46
46
46
45
45
45
45
45
45
Case #8:
83
83
82
82
82
83
84
84
84
84
83
83
83
83
83
Case #9:
547
547
547
548
548
548
548
548
548
547
547
550
Case #10:
41
41
41
40
40
40
40
40
40
40
40
38
39
40
40
42
41
37
38
38
38
38
36
36
36
36
36
33
36
36
36
36
36
36
36
37
38
39
38
38
36
35
36
36
36
36
36
36
36
36
36
37
38
38
38
38
38
38
39
39
38
38
38
38
37
36
36
38
38
38
38
38
38
38
38
37
37
37
37
37
37
37
37
37
37
38
38
39
39
39
39
37
37
37
36
36
36
36
38
41
41
43
43
43
43
42
42
41
41
41
41
41
41
39
41
42
43
43
43
43
43
40
41
43
43
43
43
44
44
44
43
43
42
42
42
42
43
43
43
43
43
43
43
43
44
44
44
43
43
45
44
44
44
44
44
45
45
45
45
45
45
45
45
45
45
45
44
44
44
43
43
43
42
42
44
44
44
44
44
42
42
42
42
42
42
41
41
41
41
42
42
42
44
44
43
43
43
43
43
44
44
44
44
44
43
43
43
43
43
43
42
40
40
40
40
40
40
39
39
39
39
39
39
39
40
42
42
42
41
41
41
41
41
41
41
41
41
41
41
40
40
40
40
40
40
40
40
38
37
36
36
36
36
36
36
36
36
36
37
36
36
36
36
36
36
36
36
36
37
37
37
37
37
37
37
37
37
37
37
37
37
37
37
37
38
38
38
38
38
38
38
38
38
38
38
38
38
38
38
38
38
38
38
38
38
38
38
39
39
39
39
39
39
39
39
39
39
39
38
38
38
38
38
38
38
38
37
37
37
37
37
