Case #1:
109145.340813655
93933.323226035
34408.431482126
44847.530744888
34736.980167306
36578.645709430
49527.659287428
56258.654825433
55849.988097433
6830.727754699
49896.959827254
45100.302931799
2165.207439763
45528.015810125
43105.301945417
75806.638664807
53260.211696087
34639.155893994
20756.415001801
27597.434232095
71799.570797395
68977.283113818
42750.478549027
25832.653224401
52123.115323852
95050.808184657
86072.887295371
19171.614164542
23712.474865132
63541.774797275
60376.647495392
64656.071804325
133910.212452465
72475.276822062
195193.955825052
17627.287319138
337527.206502820
28662.690341935
33959.749575116
Case #2:
831805.000000000
1289.810063536
1289.810063536
1289.810063536
1289.810063536
2.000000000
1289.810063536
1289.810063536
831805.000000000
2.000000000
831805.000000000
1289.810063536
2.000000000
1289.810063536
831805.000000000
1289.810063536
2.000000000
2.000000000
831805.000000000
831805.000000000
1289.810063536
2.000000000
2.000000000
1289.810063536
1289.810063536
2.000000000
1289.810063536
1289.810063536
1289.810063536
1289.810063536
1289.810063536
1289.810063536
1289.810063536
831805.000000000
1289.810063536
2.000000000
1289.810063536
1289.810063536
2.000000000
1289.810063536
1289.810063536
1289.810063536
2.000000000
831805.000000000
1289.810063536
1289.810063536
1289.810063536
831805.000000000
1289.810063536
2.000000000
2.000000000
1289.810063536
831805.000000000
1289.810063536
1289.810063536
831805.000000000
831805.000000000
2.000000000
1289.810063536
1289.810063536
1289.810063536
1289.810063536
831805.000000000
1289.810063536
1289.810063536
2.000000000
831805.000000000
1289.810063536
1289.810063536
1289.810063536
1289.810063536
1289.810063536
1289.810063536
1289.810063536
1289.810063536
1289.810063536
1289.810063536
2.000000000
1289.810063536
2.000000000
1289.810063536
831805.000000000
2.000000000
831805.000000000
2.000000000
831805.000000000
1289.810063536
2.000000000
1289.810063536
2.000000000
1289.810063536
Case #3:
149668.298373516
41205.461035609
19761.989642953
41262.272129767
56956.415138353
139278.930574216
2525.167237030
36329.797101213
21494.798250177
48.655710291
23302.215080725
61201.204365220
40218.718157729
23924.557514867
41262.272129767
9535601.460620727
19600.906137463
173777.452309252
18406.130273222
3570.369887089
21913.616703571
24427.595256185
20219.411256282
2541.401668214
8436.758832342
23231.355773193
109296.803754281
107879.882044495
133205.332468958
35858.651244684
304.197049359
24625.011840501
34115.729440305
35399.881469408
197.713413472
Case #4:
6325.274862012
56332.218121496
106325.038519310
283080.553691575
447763.000605347
359310.410446718
272044.199695034
33406.312091279
210920.232003509
820039.409859429
1621922.860781618
572776847.306494950
235443.692846082
1101168.624485137
Case #5:
2041.267407873
1399.313034583
1197922.426590111
35783.980357598
50094.756239482
32312.958200505
19993.531301666
139233.131182298
43833.070959792
24641.876520498
31360.594057460
12502.285812884
43391.362284134
56806.717290849
719246.532110892
18255.484092183
39843.893147541
468212.754880051
11984.604691179
85747.941937659
25569.296972723
900694.068479861
4096.812484711
53884.121186291
28698.880001927
29467.339362548
29382.603977090
111.598718825
34670.839223992
11556.021779120
57017.964324261
11110.513337468
32680.154092773
22953.597470846
82191.626623429
11260.087393764
13377.567602497
38464.802061947
32878.459573019
6371343.983590989
23664.732219064
17924.087641815
558.842066686
58339.535524284
28995.114117671
41069.093373455
94144.776539917
44341.842151883
29489.626028318
101850.727167318
29258.881883593
13586.117753990
22541.281266360
4350.014476865
1745.529784467
209.417699133
6371343.983590989
56462.856211916
11939746.512086099
4305.731055510
11539.000000000
19586.454641722
28936.837147336
65850.139999758
68156.593880723
12093.421994614
28358.858992057
9793.332419216
46978.237751859
Case #6:
29655.665758607
34609.685089383
39657.993153273
35626.206361320
31694.891199577
44383.224562136
30584.049582525
42674.271699258
27954.152687116
31533.027177649
30419.523364512
37531.480473222
33316.760472666
4014.726021880
29010.740868141
30897.036722836
12155.757346260
33754.701553217
33760.674964053
2878.345726162
29046.747503301
31427.551549534
38345.071212918
29797.792745483
30338.374008889
3564.995236381
39220.056261288
26461.361063708
31204.428020945
49589.387703770
60382.179632574
34994.748348865
12871.682366511
30081.241777027
20707.874414825
33073.703649910
50622.591106939
28548.103037082
39683.156496546
32179.710195590
28321.039640498
26242.386264907
23220.774204993
27334.635037894
40185.859111204
51404.974638717
81491.569797503
50429.413952596
3940.916412993
33061.685945562
47329.891063663
49801.785943697
62163.414894629
21794.670779320
19084.280033457
28160.262222953
83271.497047766
34250.914451570
54799.251553324
35820.544266421
33104.669625899
17808.836655992
8633.500601769
28158.382403844
38818.617323582
27226.843082593
55654.132734306
29127.789584148
33960.763928650
40161.563961733
38050.024567250
28233.018886348
13675.117474834
187728.102488508
44488.692509505
22444.571441828
20726.643623070
30413.637720489
26611.404738341
30785.737378640
24856.752985689
31866.656378568
33933.090235692
34145.946880292
42983.778927087
31369.499244758
24114.160912022
41425.052929012
31557.860098520
19071.663597129
88859.778498338
36216.371031564
33551.294326728
21496.852490069
21869.166892995
29849.593184088
155924.705351980
23352.317659723
35202.373370975
32429.945576206
Case #7:
57992.522506120
61367.438527688
48508.776004755
57963.291113651
46661.954092143
156530.706453418
44551.473426513
77528.515691421
236587.632745077
65577.102728376
37998.817315019
94931.934157941
31952.468946127
58227.956867151
54519.379165694
43975.272091967
48302.875964846
53802.580706855
55808.366500771
50893.129323016
54330.017532685
55350.619668495
52320.525396310
54728.798518061
46219.121631201
54014.151796780
53488.234234752
52667.191144529
45809.157683695
54846.548046196
50328.529629706
32990.475100337
53734.317624415
79077.020648850
55502.344718537
79860.889206615
61699.403131198
80464.994543895
62846.047143835
54638.619585108
49290.820639730
45147.991350245
50762.407601795
64079.220424066
59035.831034655
57615.606005253
67971.673640156
51547.531218137
32893.614759235
45149.276053895
75377.075820663
43483.827708207
55886.063025164
49238.302031612
56432.202134715
99369.879835653
78854.003180680
99418.163276329
50217.812329516
25273.360012996
50530.955095622
47330.527087209
46214.011285952
70869.593243091
88093.696695997
69456.672077291
77842.019256182
53722.046044830
51422.326354206
61821.585746294
58908.432472941
26688.463387847
53204.330375741
3322626.443393084
57779.027644441
50573.408833549
51672.513165019
59425.376080900
57738.310121101
116855.158892563
45270.112360432
41349.571110266
49645.227726575
45503.993343845
75001.306776838
5778.735510366
23446.198459089
47732.389106985
54539.204363220
60304.147401581
55885.323926340
59731.406453415
52071.031004858
51377.361562763
53673.369004423
44436.669223172
67339.670807616
56774.056183570
38595.785440564
55267.791567605
Case #8:
1032.665040943
29170.708377138
36302.625030485
Case #9:
5724246.675327685
181.016573827
1.000000000
Case #10:
3479.032378375
37008.516861671
21522.216151754
9043.920698367
22792.657249232
11536.136762735
576328.124051900
514.562921323
65283.023334795
14593.713944854
30.215808299
15556.543854983
6392.394488164
339.788169306
5682.305204943
5.000000000
3235.428802507
28253.420194445
69650.663089888
12122.735206239
6162.378679211
15182.409803302
1171.370584525
33064.123963725
43828.513551259
927.616299986
530.939680379
65629.059501008
12470.935057533
Case #11:
52000.884002496
107847.836364690
21544.407257454
48938.171796768
33473.068205175
17167.737166759
77484.804758421
28807.553562394
14710.170187721
26457.391599318
9273.902862518
38547.424361702
40879.617126525
43534.340656777
27217.743768872
39678.713836210
28408.111012458
19144.951314397
34149.338141987
38277.532226977
41934.360897711
249661.892244483
39315.831754452
32959.437672959
57835.022685494
44533.693515729
33469.955545595
25809.795162171
44187.100326460
67215.012232596
193036.280648994
27721.102509130
94771.514639084
48609.707843900
21305.925625372
35306.738735741
14487.632992127
25889.822835101
43150.257092224
25258.969613324
80431.360158114
56388.528124854
70556.408689831
24510.252450042
37680.728718075
26138.619448158
100918.143446472
76821.447964912
37591.057302853
67473.070803777
43390.566888639
35209.275397506
31229.036578985
41889.485211146
42233.208781867
68069.356500684
83446.844219477
30653.268912016
85664.846470576
22855.069714566
59058.950288525
38782.885659606
43529.947898226
30950.909784037
68406.347228730
25699.767310602
51708.449916094
61987.469220092
21353.032625284
24025.134613056
27930.197743697
106906.136766696
41289.477438499
35900.854992169
66338.106251051
31297.762909893
11647.863302009
75991.981801426
25455.936652624
53737.046598375
40121.570650739
195444.173873301
37075.004902345
56556.748819296
36333.392325656
25306.481851066
35397.917335201
51757.344969361
385551.229972149
32350.871184414
38963.008526047
33492.451328733
13916.918238492
29895.410597790
29777.821185248
22957.934076411
118454.452925667
48739.251316222
47468.825311453
141463.727899667
Case #12:
31598.626655591
5413.476355892
7117.171663079
12212.953242179
11336.294581619
3814.336380696
10256.104976837
26661.826905126
29929.695547460
24351.160158215
39136.945808049
41316.969082153
1540.226978469
5998.750096302
11490.729637091
5876.670432776
85922.059623088
7878.965381560
8722.989509514
7953.639771272
9131.930688331
29255.192378507
8839.030314567
6874.614474787
13749.258099369
9841.462143807
8682.960147692
13223.154094936
2942.501406364
7794.637092302
7366.707152129
6363.321865450
9801.124289338
7196.218569532
9827.458003760
4130.692557964
7216.834291465
10764.994261127
26290.307369351
60495.841275296
45328.069080611
770.311933470
12742.090190656
38060.904658660
79189.875495363
5725.343496093
5121.111572279
6138.522044114
1104.569729496
12173.474375918
44283.985964439
20070.987878302
3165.908802646
39634.148270731
49227.557711312
10491.609540974
6159.398885306
29380.174539241
10593.773325969
7.000000000
10257.097233338
8663.513973080
3065.547882732
Case #13:
131300.370040408
521296.984562074
725087.359410640
134890.349528542
82543.648096144
238316.274755639
148772.070152648
41455.583214196
75129.468795367
206916.420934694
542718.671537538
8824.411542024
370694.565986443
247.397441640
68832.953513297
17356.399750468
59101.748359170
19472.084842460
2329827.021429824
8765.620099468
23186.401003418
2384627.703471902
150457.754628963
41198.357208689
183205.077248413
263302.916031609
108263.627372083
163837.517796028
111669.061015833
287401.637534802
217771.122712367
227773.169727707
162653.466257491
17310309.154898699
3673.030748655
22719.430956368
90053.158369672
388281.783127401
575646.111903832
35749.258730979
834920.316351235
16424.301501480
180252.088301485
1641153.676992469
276026.840790398
359299.451759260
64589.630269813
352646.897965288
369461.129701441
544683.930612329
617675.786838317
164630.827331743
63861.385213365
105126.437792823
59488186.412063390
57211.963383824
224410.711762500
377134.278105321
30228.780790967
49120.750751128
165440.350945687
34795.155946770
196130.630118563
35262.419373499
191236.440380197
260307.496458630
22271.516369132
18680.412217854
33145.983060672
13234.040738718
394359.658474067
Case #14:
44025.773755771
64489.092838068
48783.939753779
76443.203771010
54567.263859665
50478.108241746
56441.096990681
92153.832201361
50158.049083645
56588.980069838
50174.224572413
21358.259821336
94586.082927678
36542.194439031
25583.090272225
135851.088640697
Case #15:
7131.258282862
2388.876301496
12507.711752333
5356.964469536
7716.644541559
5310.870853644
409296.106126835
27285.906587198
9858.539822840
7324.424514897
191.113754045
8605.559116524
14945.959739161
4559.034691113
2166709.409987287
14719.275052355
9291.075848100
10310.009549172
10682.224696742
47648.939923155
20842.197439947
8245.291833015
37937.705716927
2082.823840555
11736.956165350
11093.136315826
17805.654411322
1650.645584130
9165.357009481
12516.740269029
9761.444036627
6660.853306733
729914.835318967
264.122896894
18435.961996796
15595.823147824
13980.638517182
26635.875271152
12505.438234920
10117.959597767
13310.381440569
1147.171890778
2420.320813827
7595.957471289
16110.535667201
18212.366970321
22863.115167412
8207.168265362
3547.779155362
27445.476145111
7713.528428729
6797.410464586
1451358.696169116
2111.396817717
8613.509235293
62351.713200757
16234.964927563
2099984.880032639
42118.446105912
29486.081611082
3672.518143989
2808.952226051
55697.709163371
9217.396914420
11463.357239962
40615.983389267
7887930.804106095
4839.352482682
4047.504932971
8609.886898244
1205.566659795
8740.929993353
44453.102292619
1499.643319867
12914.991335135
3933.757329671
9173.867926544
Case #16:
19836.726685788
20992.146293704
135452.724586149
12393.913220004
3414032.661119696
16644.850247663
37567.588020364
95534.396860514
7494.894829171
320811.487400925
33865.509100731
95059.282389752
11124.274957672
302937.536644179
37389.702648407
345161.349964952
203647.834377225
87275.163597997
350572202.000000000
142718.317717495
76127.053338481
30824.542953854
92276.967249050
1363912.315049698
4011130.664895844
628486.234536290
106734.937818316
90020.590570684
330668402.908551750
802265.712373470
139137997.186587570
68074.349383188
21490.161992526
54797.323812765
133094.836579644
247822.146119341
29530.549892383
560577.310695737
23701.679004853
40312.936245810
37066.760098342
119378.644344213
34342.087379575
713946.855704047
64990.015371644
45560.440167688
1220004.359450572
35833.926679197
419824.939378127
108913.024418972
69626.739122757
1529191.066919338
16205.996082013
42116.033525154
139026.884742692
372.225742846
424651.703035159
1307844.274406827
21253.669115766
345161.349964952
36190.950288511
31347.850639565
708589.081706470
69862.942313320
8039.612594691
87502.315575263
2576864.222680608
8064.000000000
92749.694613625
45405.377351204
35650.133876643
32534.009621399
109464.037308260
51445.816682772
81260.385350991
90150.489587483
85246.086476173
105375.389168047
51732.485515099
306047.136807337
33295.696497154
61069.853331015
6321.516445677
82213.669443069
23292.244680676
92197.000000000
78036.478649411
9723.040002982
51572.086411496
37397.146138940
79807.301022864
45590.032498502
127259.539244099
44713.679257124
92218.995471056
Case #17:
18581.672235558
4615.023213490
92140.411691481
23317.267539347
2859.436057240
27071.867671347
1265.594736993
106172.223440353
22449.019169679
24210.464207774
25371.303556686
13579.547037752
37358.183634377
6018681.315336290
716.219410645
29007.145054188
55120.374172902
20730.137230072
64857.602879636
4664.282330531
171621.298094886
3511.206604456
4102.360702344
567329273.778590080
31767.506260803
13069.257198561
208248.974219121
31413.491495266
53289.200771541
21911.251427167
12981.500538358
173691.986527416
87093.740106545
79079.417540063
30530.874919662
21468.053171568
16536.752692465
16157.678948560
12766.979624543
23613.107408303
44685.383621320
43545.134421091
60607.644897401
27879.134716845
44651.518358950
14289.688386004
9419.085343703
19552.561196338
Case #18:
95298.718048230
73690.028633275
53397.676060203
5468.967092715
1459518.535525626
13687.539643982
75976.025218197
712091.800602877
4388.818243103
59311.816400734
55621.030040299
78371.281042257
2599.489424100
19826.873111520
2592.174973421
231686.177600071
55024.222134824
161047.523247000
150997.099986006
221949.361227894
10509.438562042
7101.785846705
82702.049852173
24797.447189819
54028.045029767
11827065.994471870
156385.930507636
45083.262225631
100237.400467704
11827065.994471870
28423.323184276
10239.288845246
113188.811159771
23573.974195363
63657.798716244
22777.359401741
3021027.919538107
108628.644846311
2521.271276230
1912648.144612070
107.450916839
19018.991630413
76502.978385062
21888.676720098
267035.224885458
115272.461061752
370965.598044459
175484.335749251
47106.483297774
42480.941915771
Case #19:
85033.800426918
1132.255579391
8260.563395563
311828.010774072
36747.030673789
58389.827379768
12880.179094123
6416.569164898
5394.990026816
8129.862308721
386.921429997
163740.797930591
20059.942418507
11724.674624701
16432.099717817
970.019461118
8320.352663987
15781.844500599
24048.959271045
12195.308552980
16400.302919388
109285.602512469
7037.787430447
10701.229983267
6685.774195070
30018.229302927
25156.434485534
9084.829441591
42572.186850792
16299.995590967
9816.625073051
13639.117423376
13778.169051940
11512.837910015
18504.390405038
254548.575558024
26049.122860307
15594.436986193
3658.257821919
7331.987752041
11046.672394726
11417.954577510
9906.527518064
153.284843094
85804.319478946
14104.383718400
3716.042043979
11227.817415103
18807.637768785
1217.377471807
6317.896257492
157260.185717906
4489.326714312
87144.719489754
15425.629061812
6777.152169276
13610.894252442
8845.701098063
Case #20:
49585.226969538
105266.102273250
41590.940816523
100293.746916239
52344.205714484
173596.848280547
Case #21:
36422.654776476
30922.438429802
18999.403969871
6487.695525491
25021.917632335
76867.316017713
23580.980881560
28851.774299825
25603.553663287
24144.941261533
19744.370666837
5323.600429851
22107.288098310
14875.364083351
2173.953036192
56154.817019676
127806.671814569
20681.254342614
52017.990429435
616948.631254770
680.280655817
17876.029932481
60061.179815882
22455.138873953
34140.661903735
2760.118662255
27991.415524052
408843.577361684
34306.349433665
7196.491269373
15184.092552458
18025.492037098
441884855.476854620
26883.193640228
5899.938022744
17938.835243532
12036.203433691
756.287364589
24283.143315794
19542.921946820
258645.006375184
25209.737621733
31290.106939439
22574.294905489
39203.154810755
36457.202803386
6667.908271805
8528.778246479
10683.029297668
20778.841620951
12981.320876036
25298.538460945
192434.060957319
11858.886423925
340630.141689040
10365.610121089
14404.554182452
19250.682581794
7737.572852722
334285.424737283
24207.705946661
26819.552234572
11642588.115683869
19924.926963691
Case #22:
26765.144527873
26309.484243770
31618.781010079
23992.326623430
31178.474682151
30600.670752366
30493.658164150
22323.043737695
30905.528579150
21743.264639732
30671.554339757
16164.332052549
25938.495355925
70157.986859287
30924.706173933
32181.350890148
25587.216107590
30888.320038907
89524.119214534
29990.597067397
46695.966135210
23745.360772246
30141.289820462
30206.721214099
20600.777175123
28040.008434481
28236.529706269
22164.038658873
28688.422718525
31630.215790187
18152.484688253
35189.212045536
36321.774771972
54460.898216848
36665.271125703
29865.670984904
29236.302145853
29970.661024537
27236.070559583
28481.834279079
32127.252745360
24755.728754760
30964.895625949
33174.218758782
29414.300025859
21649.074515475
24351.559746545
60634.101086926
33600.334495205
27447.535639800
30458.026046900
40596.658951332
62702.189020335
42772.617612045
23686.294729257
29822.941989126
42853.468477688
45023.157463860
30242.556541303
29799.529975944
13973.748689585
58338.046345966
30224.498288922
30265.306897501
43737.624100502
21677.668530257
25259.057652560
20936.214796837
37846.997324174
19402.318202367
30535.618655582
34940.162317603
28348.244869464
36679.188834336
35820.496226677
58088.477045686
27690.456453785
29798.632166154
30250.585917122
23767.914417980
20009.367202876
32043.694003726
106071.769695663
32675.626642859
34244.071637570
29845.746084813
17830.665113632
25879.516815589
24086.298764838
28346.147397567
31613.851320020
35423.957997408
30519.850754329
74389.911025830
31644.580985707
29731.518245124
145695.499360464
29928.498675515
32579.578406565
58476.959299287
Case #23:
51222.386810864
83394.927411820
35441.299145769
39586.393765687
74490.896943760
75832.436550360
73799.175812746
26975.728374741
35207.805608477
42271.949139461
55544.373613249
42348.738027713
65570.871755140
29892.006867825
11937.183838728
37541.560400261
327205.034204977
15047.643839032
3493116.326390968
47771.487730830
39880.403665302
34974.977015926
42209.668515981
40259.449556465
26963.446620168
38829.783762750
45560.138241356
35521.899590979
32383.526176325
46700.131569171
56847.598886571
80594.616886999
25531.123037652
38356.272987767
66712.686278997
41646.857940133
10734.345271112
33261.157317574
78580.088221725
1.000000000
31136.610134393
16600.083791822
104816.240971386
68825.258487959
14373.329451623
118499.426316953
39437.704361920
20222.694307488
1826.488938159
65990.669925764
15834.788294414
57044.169775174
42156.249128051
40644.965771956
11003.879224308
53746.709176093
58429.432187075
49863.969111294
48571.856267443
48713.967672976
36017.353028675
55359.734305100
244887.434747692
42539.563850995
40859.877339050
32237.921604997
35774.230498301
42176.202642764
11403.469468923
49720.892431236
45647.033280913
10498.979573055
43824.855740045
13281.840837049
82747.635585179
75659.439108190
5213.083443419
36118.719814406
3320.858007250
85876.847089954
21029.293232555
848627.455459719
46865.251962598
42301.700515389
32826.573254066
221683.515343891
64715.997591655
97156.562317385
71293.732951357
413388.170837460
91601.671143487
35860.210403595
22143.383581256
34400.424997367
26570.297566046
37581.879441000
33179.682756450
85760.525445045
4990.694624172
31638.983519287
Case #24:
5334.939030033
25464.560132146
5331.664690847
15761.024833985
4978.744129846
12716.497479741
180660.033595676
12166.256445338
20116.320831347
52429.210036361
31514.725679852
18883.737727161
9615.378976683
97902.326260306
26103.665907931
170482.207786859
53946.450575619
20491.726362355
24841.670048941
13962.203863463
22226.836651047
122342.930739344
9128.124099883
117212.902078022
5919.113622556
31088.649861641
30041.102948169
81367.344766877
50000.998612352
163405.095226319
372714.215109397
25849.027498519
36873.781872629
28413.014471166
9714877.098723054
42711.965197135
107453.777620421
Case #25:
40390.828323981
35789.547999076
37278.264011816
43604.683105881
37031.696314828
41167.718593278
64282.192054770
60441.350379521
20067.069974416
56796.654215064
18684.409570231
35779.560569374
53576.938159708
29751.863121778
43192.560653372
34089.816548587
38054.185916383
38061.912259667
34736.786661354
60649.082418888
45493.988269197
69808.729113064
50838.759805696
40229.282895068
53424.313869396
39848.962859783
39880.387309179
41609.605572959
36144.163850855
46025.584260020
4161.695885552
42212.369586372
37741.410553459
31325.516238600
81567.258450587
32713.964485360
23356.802316193
57660.860527528
18814.988508309
47885.005541136
5323.058593276
56504.160202021
41256.578987193
40323.921303930
46092.757281810
30417.719690697
50703.462405928
44292.912109195
35660.281492426
46735.160945365
99632.715115446
18766.554306126
37256.676086977
8599.674508248
46377.261815875
60573.395275103
42171.230607686
55170.440436770
56548.478589574
49647.744276812
41692.666419701
42081.472980071
48111.301151752
48744.317389661
43018.288345792
73769.680105322
42838.083172982
39820.407506508
10387.746823342
34570.642625353
32163.216397699
44835.322222008
38897.415830745
40243.671481817
7162343.841490279
47402.528932973
27074.779277013
53007.276625770
41399.472897316
34226.245749764
10782.520353609
47590.109271880
31539.445952094
31221.019151008
12362.092478940
48124.258260200
49366.289167626
44241.986176439
39278.591724580
40496.668578149
33078.578131953
33990.575654394
54316.998034306
44167.719777039
43553.719671421
41143.129588094
139394.731521173
43722.402120994
39947.206501728
34153.925444458
Case #26:
81849.870038459
78724.862867660
459517.199642513
95306.224702689
167109.239865320
73764.989503043
65490.162330764
80024.532382077
177289.211575680
71722.016385791
80073.696537259
190154.135539287
127429.382126600
189740.688216652
162227.787203565
41565.127857197
340496.138021262
137730.119236570
263277.346266447
5635749.929519591
98211.063730618
125129.005895193
39807.451686032
130401.600666284
120353.653621774
120913.774008334
253267.183995390
105855.108595324
67515.031929094
143983.938372716
44247.738784159
201578.900282312
104149.989052206
122429.653986799
43678749.537778221
62215.527737929
4.000000000
104891.805905627
184087.768509158
159599.889605888
98783.093277373
33715.927909398
93302.356649629
29917.809783295
6715.930424212
30088.593331112
142168.911084204
117765.110179939
160104.069452763
108211.186395843
100781.912225893
104136.621637040
279102.528764711
132731.465257567
99724.996898341
280856.753317133
170074.370488805
248642.275762183
95065.510268322
62448.750471892
55405.544467860
7826.321174495
12994.921154032
188663.834424502
158644.116794928
142651.494019508
127117.702852013
37410.421440183
19741.770436105
142678.954483302
99269.148210646
721125.797995453
223672.671335159
271960.185845822
143862.570752379
70619.524802112
88265.424372390
135265.393782623
132087.240204320
150708.690281507
137410.280681613
18105.055326356
116920.533311101
363855648.000000420
1104.145875601
104190.781393775
128580.927880684
164771.415757627
861363.474549139
9819.702647974
115725.330891888
9431.059610035
135398.208013942
16548.220117121
151416.687139886
Case #27:
236690281.653951760
116740.177968986
159646.043065003
307599.663889941
3726255.747814423
136876.775082121
211572.494861557
146966.822490655
319357.994911884
942895.835228983
85349.998125731
144786.488662640
408345.318747208
22079.500702841
Case #28:
398565.555786114
14430.901071375
Case #29:
87785.019216018
22398.112393554
121.934435067
206866.016148961
23620.744863043
671.924056323
15576.405004898
40958.278721079
10309.171647816
147523.536219900
21953.642730265
22825.039546482
18897.838339193
11539.769499008
183579.463149118
228435.600229610
4984.738891870
2557.183847849
19055.136043662
65614.425309607
260.767606281
23700.748836623
38428.840656707
5748.328986238
21469.421214710
15052.735415664
76852.126145330
4090.625112946
55550.446453747
157692.364785478
13447.662220299
9560.497680780
18034.272120125
247.559659651
48727.274019934
15644.597469458
1294585.380244602
575479.916538234
3529.475785086
7856.457286220
40092.432142651
249.437577332
2513.351709915
14007.054644235
12108.471721589
5857.015050837
689.747667244
12506.750548566
17602.681899762
Case #30:
30429.471877980
28684.432486359
50774.834607749
26342.325244054
27867.755534178
47661.600110150
35224.616420413
28855.738081452
26206.178846264
10155.054604060
21260.203679882
46566.127531579
21672.161746242
23090.664540849
12940.772799785
26277.036162566
39882.978641691
34493.783220667
27668.903679081
36181.572015642
43512.771079566
586.934987130
30887.292631293
22045.974610246
35197.804520460
32683.632028072
29505.796206851
20568.381452501
37953.756937404
35577.227521595
29881.933863153
31608.249015319
33658.913386367
66247.047669192
44633.111825120
28880.179934632
24076.288884673
36074.948043920
31138.552954653
31117.217796369
26595.209858474
51853.156872104
33423.825172677
25490.655469212
29097.454156804
34828.592340571
32767.884541522
31879.442442142
22062.154684346
39856.852834755
21254.780832334
2820.361899348
33647.906790501
21845.662873740
5070.831465465
44238.225293697
31957.114672982
34430.672353797
24585.190039380
33256.172356183
34888.158915335
195411.574344798
27014.144656875
20245.756264880
82333.686311511
22220.668290081
48360.206301617
24225.881538521
31999.514151584
15311.107171384
50701.190688772
27003.670299672
28709.959800761
22405.532181177
28651.113197268
28402.109741294
74771.580021246
283707.435570389
36069.994126218
33104.498130526
19635.280320076
31028.412812379
30651.919609456
244023.343505883
30703.867634170
28429.664792362
30474.940651925
29087.346853332
32062.587269495
36470.240785383
28464.294744799
32436.509082106
36142.900208046
290478.996970949
30252.291577458
52636.976978858
29242.835757448
31945.322456530
23831.305051682
29417.239736095
Case #31:
4452436.962976935
51798.068473047
328069.166733485
18193.989986462
74420.392517303
57832.881792813
46418.090007118
50444.834457624
176353.389451451
15109.766442340
18351.365815221
39783.322912884
120652.185182182
57789.090842357
32536.010030924
85137.169796219
50398.000000000
19392.206195644
12682.465996041
79904.574501686
940090.315875150
68090.674248131
19843.409493418
21076.821206076
128536.276483507
36622.786039123
40816.827273041
46574.378816272
761882.903009825
22308.266592012
102482.862969963
81291.590319741
25659.637134452
31778.152279259
69619.017925798
81303.719040845
42722.971760657
99319.386882442
23225.419363007
48879.885375698
65052.974509518
24091.981963303
47970.206286993
5096.633756130
22476.335364131
57771.938428685
39245.110368654
15831.417439412
13879.136985503
42105.044250896
41065.243460355
15059.321704717
63551.225996589
24578.517125619
36743.105343573
46173.907791623
45897.436433977
47799.246937177
40801.271141725
31037.524648125
42905.290031218
34734.702784572
18260.590473793
63430.160593944
96908.053680025
922086.358248278
51240.842070815
26399.603410274
33061.501498716
26829.036812838
28345.205829624
21713.716630317
28086.064900421
31872.377033525
32179.859806750
20715.003109857
46097.162943305
178139.049640111
49144.339782732
6100.900064938
289030.248685248
45816.679842196
4394.063371867
91383.825623182
Case #32:
35637.019005640
69128.100931305
119660.589775449
77375.829601439
26172.061926689
124731.154514619
102594.630539575
57162.593469231
71773.949854153
260483.741558239
10520.683586258
126167.154666216
114924.525058341
3122.734778263
106756.584934469
19551075.798445832
81980.350126385
44370.191810406
7491.161247377
87450.128453982
41168.595382271
70342.384701208
73084.949655402
98192.059524623
75871.944793865
311014.758908446
69156.727194449
66195.203339489
86429.558567278
Case #33:
880.661526285
42501.944610211
168431.973313143
14567.083393440
21715.085702195
12704.722348670
63780.028662039
16073.088727651
7225.255807951
4168.478013272
17399.294968372
1638.156763586
3805.261604468
1861.623912633
28471.426184286
23757.872437625
10585.451301534
4694.172578341
24287.601462020
2530.294110542
35245.087286246
4136.916079809
13909.203718965
18261.855166251
18504.581868705
2876.084529440
33706.455184053
7955.285621298
36938.425533336
12418.970507417
13975.929064474
18976.346239855
23735.121175336
1558.807815272
446.184649220
17322.063909134
44512.501150779
6401.856548472
30169.087148132
20493.204330582
47285.807832998
5390.250825029
7622.294889563
Case #34:
46107.000089854
31743.755692347
28354.253421500
46466.875421251
44570.419591181
34417.604799333
71825.382142079
29570.814928415
55406.886470680
39952.302677574
41795.222737338
34053.813832043
57733.507058508
46278.384053397
41878.210889503
46519.313484493
50884.185958984
8029.473544713
38370.613862702
70811.854982275
46906.531636200
40097.219318719
43046.464689823
74023.068205997
37288.296645818
34997.781543244
34796.903514276
46931.430257851
41362.129091857
36518.188816563
53735.781822383
40115.273229844
39998.497194719
70597.519354788
67070.465394509
36244.411426841
42584.726106935
45471.233882697
39367.070101262
340710.265660890
41686.980694421
41109.627983197
63770.130706605
70179.369996846
7976.855931845
52019.038482071
35491.208476098
31268.088531483
56376.529972078
50326.139653160
42039.372932693
39192.192463442
45881.790866466
26930.528573659
401418.333480694
92065.486394039
34855.455658096
28171.515807077
17858.418886610
29676.873179648
1873.724660458
40621.109931133
55212.501328887
32562.553336431
54014.880692613
56601.712784748
29905.865701708
26557.018339541
45412.337351276
44893.653964240
39604.720953069
32074.397169914
68924.683271020
59081.239858452
35358.130159831
62798.152971905
63388.134072352
28545.148324630
50760.901211672
32257.439847367
62664.796807704
48774.520417447
43117.432329947
60578.777655107
43525.373603366
30670.652301171
36092.614917847
42179.098145658
28661.949564812
61066.565849393
75163.778080081
28851.702297532
33618.104181288
44830.598910128
17377.226021075
70304.091352332
56972.843353610
19743.367839623
8598.291782248
38398.417143259
Case #35:
7889.787230399
17283.226606689
144793.257279221
13131.778499735
32771.132471819
18263.550150975
7889.787230399
48467.831653391
45271.732860829
2996.978807442
2641.135319347
2811503.613384129
24745.534448082
28264.534576923
11710.022258996
10629.598964715
7402.641009087
15005.609222685
11348.805967718
54686.142198351
464305.226414971
7463.314079443
23146.150422609
900822.496221528
28430.209241955
17657.735368552
108288.639669217
46724.603217292
11784.613432408
29531.859335672
15985.759376718
14917.531452945
20660.242885230
25624.486011761
36701.299291826
22917.082057381
39194.418869654
2647.563623394
25624.486011761
9967.300595545
25930.733299091
682.392848732
9538.050174259
28858.718214185
95.372952141
27449.896102148
76517.847998645
12558.391005627
38876.046219321
27955.652887513
30794.378746793
32996.218975834
27201.588123044
6412.849731181
6878.028551754
4754.524801981
16075.979136708
25624.486011761
11244.157771550
14915.331567308
58052.417779836
23186.911581022
6684.385486476
5235.132910817
92255.916192673
40396.064555407
26450.201586449
3423.232289190
21895.444610409
2671.890230866
252.834917255
20272.616817695
3082.022180363
76760.284359977
28707.133773385
37970.495161304
39969.429585865
204392.761478817
725825.196351797
23920.993451131
39132.439862872
16827.242477412
33691.398109905
12804.948488214
6878.028551754
29803.145712673
6445.915460457
4840.289610980
37771.648760908
19315.436679091
69329.160954099
12385.809326106
21384.885264341
Case #36:
127922.617709778
4.000000000
141754.060719483
16579701.405296516
921.591015581
11540.599185839
261859.033026930
176018.864193652
670489.587183241
46780.544699467
7193.814005303
290391.703875241
114333.836019355
173374.391629057
306518.369425702
7846.876234057
178342.781584455
913333229.000000120
423934.586066346
161879.589539563
167582.013128983
2397269.580651966
43332.909281469
16687.102423763
681281.305480317
18514.450968407
16687.102423763
26912.262238154
10987.450228960
773861.050397355
505.936472165
31101.552485522
75880.000000000
599091.774909828
24161.226439630
12696.512855112
598412.614390634
4270.257568559
529640.968789955
148215.289144398
25101.651142725
1220164.427348693
598412.614390634
617.888439122
3609362.433463836
22493768.191444874
71741.796463843
26912.262238154
23702.258291856
416.834499532
3.000000000
167582.013128983
16588.182012307
155605.091576310
467224.700479253
349839727.999999580
1.000000000
124739.135536289
66502.301633182
1259993.106888084
345178.293831763
239550.841320166
138776.268608876
52175.035469040
Case #37:
73702.550866947
50158.559278849
49946.168148312
114031.500522276
14054.833191743
31176.984151537
147960.301088231
60664.461218561
53850673.729452848
97461.185729431
144931.126310036
79182.941981194
40879.763192641
187717.369442325
45775.951208682
115051.026393254
16553.250680109
324413.814556462
482111.351897208
4376.414922451
39287.187730755
60899.022451288
414352.883552213
123868.053124734
46743.715349454
134690.494754106
145935.725611655
115958.220419214
12729.298704035
78488.232253526
154672.145570786
41613.714178723
52102.879393427
103638.021433325
79016.440814060
157745.531000261
54944.362702068
33206.010938579
45851.596946220
14096.813062394
1345850.161563501
115211.062387723
1723119.399307143
47598.330052128
38151.316824386
15583.554903531
37062.557008138
119839.224817750
48637.120153664
46895.504395795
13381021.605208671
48861.068882544
54444.130863238
56082.658181536
230990.650224932
44422.025849163
18062.484717724
171349.874243859
34700.900179911
73224.316934546
287712.532581993
41285.570590616
41991.177729865
75446.988712582
70733.184072938
92882.347583493
45826.008880160
102700.048831666
29411.946594356
83541.260570200
Case #38:
131071.430328238
14219.991469169
65338.427704286
65267.439550591
80590.845687782
65377.176045697
104503.690109505
57593.262232566
38249.766027165
57750.183892163
62469.723305767
63582.373237770
44280.008589942
62322.760781831
38604.937280105
59867.036280996
65508.045874290
67465.977350674
41724.417059313
46336.772582418
41361.231668070
37743.910815245
57077.042535363
32678.730705484
59322.218351483
66122.232493533
61403.241995986
54803.370617924
110896.139054661
73053.694733517
68664.245898149
59152.278348689
63391.776020358
59969.773846703
77505.839040799
41087.165283510
65889.324130180
51944.439781394
61775.839388343
63005.591003622
54105.492139921
61150.584222185
40424.650317675
55541.525119613
72764.476572966
53073.946979041
63187.549696382
55418.497765132
52995.797807151
61170.427989940
47700.607654699
67099.460708951
82260.919110437
80814.787819004
73299.138889472
69183.885406142
68314.609448400
58759.942346537
63595.882069923
23621.087887195
35768.975338028
42746.967560597
65815.026032360
43373.137043515
74138.286964619
63610.717599649
64038.522781911
58307.613800599
64160.130578207
61439.478214762
34342.151638882
111233.380944776
57840.563510351
59524.731320585
80632.682952301
156219.676223438
76071.916248100
58471.911587389
125495.553785730
69529.460961298
63579.837838209
53120.404424660
57848.246479911
52265.038201077
53330.647951318
62043.985980834
30647.368981434
19211.619130402
62498.768030607
64933.741134229
65681.948147015
44177.683968891
59139.928404022
61999.569696389
53900.218741682
40187.814359186
70988.505294925
21656.863731690
50365.544620938
54419.331600512
Case #39:
79312.393496542
108664.582547018
6379.179524366
40322.080418474
44656.168024304
2360136.773157648
41682.469477795
139855.143530907
52180.453873935
85277.836280598
62667.508006021
120599.307930072
68176.127539557
61215.085116211
101952.771584564
43239.057668194
42731.247858194
41117.589187449
49488.291207925
154587.004720309
29973.619141812
46698.168000122
67894.392635977
54869.396965663
74508.963534924
43171.483158787
59766.169050787
57149.535548943
29878.668656994
47577.889223494
52457.170412202
18775.672068818
41338.294081496
46989.005639865
28827.635221537
51644.357832626
21621.889126355
145750.335890189
47932.072836199
45811.830313271
32888.525414488
51289.608888359
51535.448797331
59261.122468238
123937.442646830
17447.542772592
32891.933355540
54109.817749949
44854.620253503
154034.566514190
53485.830027086
54750.451191291
48607.264839120
48750.718090919
86849.673620318
60429.078099187
68761.332868797
29570.932928478
72734.455995198
58180.671506629
62727.949088577
87898.098218040
49411.807834747
40403.700392583
64511.396186045
108160.208702130
69528.166268933
52998.328171066
45629.983377826
53714.421108042
40833.374577994
45500.643240011
135328.776271202
56069.911346101
61879.325212419
87740.574524962
9565.145390313
54063.433967793
56755.321126132
165444.647548108
64702.295301387
120557.181282747
37555.391098253
67233.616402867
39416.347809253
96482.216635229
49133.181189635
26215.752886370
56485.108979386
48427.154726698
48805.014182262
39289.165076533
50687.442145443
31506.230341733
93860.414636169
59924.439057719
50254.545584136
45286.100798493
83205.016315028
60992.450619198
Case #40:
400883541.309837820
496504069.054642560
443704758.485927050
Case #41:
62383.741160882
198821.225533522
43189.161617671
56747.856538434
7263.538353819
37137.509246881
1181109.253588124
60222.811873532
83770.616901882
13073.533405395
9945.633663221
608.210489880
59556.368760259
52215.793689930
47207.996540400
72860.025221440
25977.190371721
103273.201982900
50602.582077385
296601.188719032
4175.110153862
18769.290031532
9005.403252894
237375.405734528
21384.141294902
57582.802335980
16879.388384059
35431.225164841
334724.453848683
25450.069712503
108275.331831165
53258.756720841
14492.378240981
6736.386262848
42697.799344941
20755.958972203
98728.546874272
15498.197852453
61322.945108676
60014.943723822
28709.286783238
185534239.000000150
3904.051244934
58660.242037568
16588.045977885
34116.962860090
47817.523600491
106072.236445597
89416.174624738
16545.021160260
31527.902900011
27812.677457448
56823.163338549
52417.836887599
2753.537227977
201422.548216905
22610.855820626
40246.580351367
40390.460443532
150314.344589235
40532.585271978
117141.424424422
53278.955780753
61276.023535577
160341.212392417
44232.038041553
21982.022718022
150941.817375921
45608.045123301
38473.616878461
1620643.006275014
73604.416913051
49909.182788949
48795.807535436
97202.938605929
53233.339425518
66799.681012435
54113.759448249
87182.641223135
40629.915970561
65052.165846246
38716.391348779
58568.401260793
57932.117643205
243070.453058544
142966.303892659
35865.174364707
184.382435514
278138.851338443
123080.181451792
Case #42:
158912.685404172
213847.907166348
79815.958324059
309156.642897678
124387.161634615
204105.427507073
68117.348720138
96190.663706842
387288.720101839
329698.055547499
129329.763817678
139004.325793666
413964.801907794
9010.492644207
35727.790667388
38069.536613353
111672.959551324
62695.959671757
132437.263147874
115716.254158812
18893.601978561
231546.936331182
85888.122629341
37558.057489895
448292.135781362
56973.609647125
160855.625133039
322482.904588506
902.952932482
8357.649794297
596535.375234471
37558.057489895
443530.081006975
109870.352368588
72887.515706982
440220.139967402
685854.616626481
63369.386246588
282828.784341354
85885.263404360
11286625.612222984
60063.888838246
452321.867918574
106509.697132813
988061.479365828
144344.084561402
78605.638797787
451240.291780597
414679.761971100
260930.775996090
206604.041510256
70665.078491865
67103.622650218
9.000000000
22995.644678860
226033.152377975
118870.628172771
213176.473095184
9253.730333825
758648.882320378
90428.728927065
28662.732860526
92127.763311805
231000.866294563
99171.362565227
507502.941267970
129271.224239606
7614.701511978
116636.202830058
187788.452862957
177599.679731749
82278.393041161
77847.359676358
192046.201970458
95257.728052283
178782.633595409
74884.429590200
62908.455475533
94044.011149268
86118.673275925
146671.774595045
124507.557526366
26816.915762578
96338.422086293
13885.705339950
149048.251961383
148737.291052721
53225.414587523
20454.577302831
100676.491956294
38359.969134503
22543.570926564
655405.891917682
46923.529103987
132437.263147874
30148.692967420
Case #43:
1.414213562
2.449489743
Case #44:
31258.542277181
21838.171277867
20033.080275436
37206.940165312
205400.441037746
7969.610763733
10677.101057328
11459.009654943
985060.870596257
12739.870612416
11063.006753019
21385.463715365
19059.075559783
6813.472273986
13933.648729057
11413.754933130
12993.146885608
3.000000000
17694.993637018
20776.617368941
109726.792525329
4223.633292655
23534.171822115
16863344.545341227
20996.738699039
55411.681425352
19644.438347383
21393.612847561
6.708203932
23697.319822548
3195.770575665
10135.843401964
14662.762289698
13848.179986345
6219.149556157
19525.699714408
9510.103055416
88068.946717627
66256.861951951
15957.266983405
17257.786431057
59988.980099663
39524.587624343
19852.829285331
13065.277660928
15165.740389650
17237.098287897
27796.737492778
2177.105106380
31662.090675856
29969066.792090803
50537.668747163
56216.876098331
17291.801955608
23542.019006491
16676.391109480
31946.751089493
19280.775736366
15146.913353416
3323.181497759
32150.270352888
30749.972869822
69410964.832097650
4184.482147026
2177.105106380
16030.094161464
630.457651444
10768.599404947
21461.705193635
5869.544763686
141700.993202118
44525.803700924
127134.337121261
27477.151730884
6345.614963846
14909.835609171
6293.454624497
763303.779280861
14167.639185628
25478.351266714
28116.960504407
15606.135393638
11254.114324132
51628.501352880
12935.916794049
14037.089228719
65975.523590506
9745.551485765
22049.525445744
16389.710029777
Case #45:
38265.418037010
430205.786596292
16498.819077302
22334.540220148
139131.743593901
93835.570168547
24983.656691779
11836.940058435
Case #46:
161205.959034163
56922.908824724
220079.414970836
127124.815706976
122989.787017234
124423.036037315
82436.455111202
239533.653473492
460411.337647235
88426.296707517
165893.338921865
200286.563709380
183968.295935177
109971.569493469
129641.222236858
137344.341236809
153005.048501404
190829.279037117
247491.262607086
Case #47:
91037.770399051
45376.912887076
60542.959160827
3.000000000
370408.116234982
33568.751200350
1248795.596852724
776001.049664486
2661348.725394100
14653.711119420
193260.135638123
74591.951662178
30762.226007030
42260.347074325
169578.452767036
96124.395694930
44692.570307368
60420.556951601
45678.120992011
66150.824020736
12606165.998060348
33110.373691508
164842.339744740
233572.207160845
82447.169871056
112031.646149378
68972.206380396
83644.459935346
Case #48:
20975.262966432
170147.100175217
31999.414934811
188922.413842582
5714.719007669
8658.678621348
4600.704226052
28635.003653543
15785.546898642
46885.224246073
14003.911061290
11130.502708249
273673.979402861
17746.003945949
7799.461211944
13000.308369731
38138.263849715
15099.632104505
281.552671541
26948.099480419
11169.767674939
27847.406556222
27068.441881699
19260.062209620
10511.867876242
12712.252510694
12367.294196073
104614.719744799
26272.149783152
16985.874230064
12402.216630629
18809.076884387
5281.146233219
77451.507247348
6582.548031558
17697.690826014
9491.465580471
6744.292721889
10.000000000
19692.199989882
6678.138039072
17153.981502528
6602.000000000
15481.274173942
188725.866602461
46583.264278600
480622.162285127
16833.986887662
38294.433606586
14297.572137400
37552.978135418
2579.101588130
12885.273769491
27238.037161451
2692.779989139
34627.425272924
11554.517581956
25539.089170107
39426.641864478
Case #49:
26505.778439684
77645.000000000
56734.498173477
3265.644175953
7306.799531669
47051.901187845
16091.537734411
88126.029427896
13805.630315756
23754.420135940
36411.350099593
14689.813564954
81562.665456492
38589.053950573
48607.414751101
10050.635989368
33405.547341266
63598.510012999
27.629137845
30197.643847531
50517.518028111
41348.976642125
268555.938932824
166159.897511092
26733.270313016
38934.806040228
28997.150287351
27838.026454453
64397.400713026
22111.734461272
18558.871705168
8826.354738026
297352.634876849
25769.650666189
18760.969036073
258221.465909756
31022.966790091
17113.245326415
13252.032040971
37942.848053822
127137.591517623
22251.940294990
97211.855611348
65368.304458881
7926.544282539
111609.548166110
77079.948213472
16468.235769126
4879.241308799
59723.123649675
20233.325566326
14505.945626417
30119.942810212
136432.181056232
1564.237364587
18133.273734464
27957.900262999
80072.037523144
40820.433953770
32569.569604353
41772.552831204
52708.143110220
26945.897348842
59762.829225196
65529.740628191
13556.776545917
33527.916130752
125488.317798263
24928.247681055
41137.591774448
3618.587826122
Case #50:
5542.489377259
160439.925148357
38079.507654862
4795.470196516
21029.902892829
29598.229971372
38530.161281963
23156802.823347051
21473.555222444
13566237.188479489
302560.580667007
62414.352438437
3848.870664914
26205.658940113
27060.624677545
31014.169262670
19588.741127335
45003.731336445
38583.950247062
10534.419909669
20822.561561921
53433.469439268
2353.155960866
101113.765052722
110172.749616375
33307.988067541
15461.203624932
19521.376685748
4974.606099456
52112.315003712
249255.255761374
32780.845770430
14767.577691572
11082.294897518
137613.120486458
24106.229209850
18018.534092536
25133.827822022
34015.178404866
6836.184879653
24952.591833938
35719.641406367
267758.749765841
83667.171112285
34753.000597219
70799.776801133
52112.315003712
21230.768445293
37592.095783128
294840.148515694
41141.965841031
33698.005681877
16028.070689000
14466.911317491
64848.315211612
18935.010643837
13857.059812087
13476991.818785513
44415.445364382
56228.433403669
874.218723550
28980.630728698
5462.372345147
159364.033984653
2996.459785604
93461.651434272
121930.142415654
28220.946718639
26818.707734329
26859.819020067
7129.340060065
92498.361443615
1732.984304110
284146.762793901
22976.844250015
38281.541126303
65541.956217320
26054.328254144
26364.479620701
280852.542590750
286187.221998943
35627.067477772
6386.860862062
122777.557448028
25859.173765933
32545.413681348
2603.958669984
Case #51:
50507.729068296
19086.846613775
3602836.928721864
183328.514560333
48027.876907431
150781.042611026
4348.755899707
212398.355068965
15973.786264666
15498.151642127
47343.890716086
147474.343511024
15955.795357865
784911457.140421390
347.439870165
Case #52:
4.000000000
364.383529056
2944.268423816
12602.416092425
4215.139427823
9957.769170874
11741.996758867
3545.932638219
38259.566751425
3002.029463698
1836.982838699
20105.633675547
7156.683621953
2319.458233750
3316.619427756
44113.209215812
1655.894772617
7279.009852348
13861.508900549
2060.753681113
11629.570400929
7774.210534863
4337.159992115
5262.915765514
10884.797687404
5648.689298142
37597.593194246
6006.137088736
Case #53:
9945.331628431
25250.373970330
19995.597411817
39753.775094607
11617.221927294
8377.565542142
11288.538282343
20063.548357107
20422.124022086
26471.505286104
19079.250316782
26704.961871735
33758.152615284
43509.914437674
8698.422376546
24821.359178775
23185.316306511
136714.350700884
35767.488600159
12592.907041103
21899.462909768
7371.648732578
12772.879039321
58486.687630451
7.000000000
26863.020044366
27000.826004597
11664.067292260
13564.315289067
7910.204521968
22500.996576193
9246.462261532
31626.369452977
9021.404506301
12990.496601453
11372.954672594
8437.696634207
1971.445291781
16082.457209995
8285.470016579
17377.786566425
15865.417844622
86018.618519556
61532.917861166
57677.445952750
30237.498474613
11696.629855856
8397.247336578
63271.624496082
38094.022075337
12487.884960816
13778.314865767
32979.823574955
14752.251695027
23831.820746841
14344.551246268
12790.393196761
200779.363523571
25304.861700321
18605.423787783
76748.000413613
13654.255285226
62869.336645655
13761.295218609
19023.433719165
16361.582683975
18205.191434982
15595.938075470
21674.208074678
32596.101924373
12113.156942933
11948.614513020
26173.202619385
36327.816452556
15734.517263138
39010.417365105
20298.311889749
17719.440192958
32519.129189103
26740.537575860
12688.985974638
19467.205136170
22718.547059557
16117.145144817
33646.128496750
18247.150427065
18197.830962970
6652.424774704
17470.501841039
114013.163428412
41743.310188528
44433.263786555
11609.467731058
20739.542232871
27603.873078326
20579.042069605
14041.416543145
11732.877229493
30425.129932621
14506.848259983
Case #54:
66533.836411622
56040.331590818
57917.292504219
295677.953190870
7937.757131714
45793.636276799
11022.815338271
98645.062831512
109227.693795426
1249126.471811552
59339.965044416
20686.843545868
17032.383559841
65786.652793539
188916.099679821
31773.357156285
62312.701381930
137281.370819376
Case #55:
553772.618667837
63804.630415533
63804.630415533
13888.033472376
7719886.724268703
63409.778476557
236677.631123903
657.987841833
101873.972480875
2504.397148189
252605.958710090
64960.226044281
98656.538333708
123967.040043935
49623.859663587
4905.485874172
140099.055442579
1527978.747237159
2504.397148189
777068.185189687
146697.133695592
132555.823931158
101053.449801592
7719886.724268703
30607.223256200
30607.223256200
45632.087361653
2504.397148189
24668.260157095
103884.305678157
13888.033472376
236677.631123903
24668.260157095
Case #56:
67523.081764768
751545.235292114
681.590052744
1519696.422201382
132077.188682124
338095.961356602
718466.286496840
206723.807030566
232114.045632448
109062.983834775
116.756451520
63874.679743328
248411.821952506
21341.352393885
239626.273561630
403734.841983188
403955.845966137
255210.050961427
484924.128907639
54203.375095572
572873.646959060
38810.370665137
206539.094323103
126949.925806949
233281.126641781
182144.209075023
15768.739659354
115296.267343450
279362.182874459
411781.368699041
286237339.999999640
1630798.270085998
177472.478065550
428939.585752456
1648026.405006910
65789.259564521
126739.703470639
965890.492938119
159097.462809582
557265.535962738
246156.554251054
293707.923097337
473079.521579758
37661.928712126
386244.539450147
216983.173314136
435755.643900027
552290.938245905
438.797001065
172035.137077847
662805.555602703
1314188.337046444
802856.491146813
1030918.498510488
197073.516773221
468015.296246242
2446680.477692543
129986.028706568
75908887.000000000
1011185.028979063
331319.738831753
11088492.781329591
159000.910712902
50439.893495634
122407.659125645
5655420.959808003
417894.090666639
525176.983515491
162686.132014857
554426.940533848
223308.704879042
136465.150683748
76344.441649359
348209.974397228
344217.372579617
404398.272400430
Case #57:
55652.250711994
18549.572935335
50154.543950440
62037.707615413
205.042070472
1142827.247190619
12297.026240191
64489.434985795
177935.581414414
18758.516685709
71149.358474175
17989.745920954
1472.533570647
526.289375093
16735.615286736
704385.089458184
14691.650300960
9775.540796802
44581.472348804
57849.730291047
83708.792708634
712945.357949017
72640.525120647
33130.092914024
15825.146134892
51522.008501222
85124.134663396
5883.116052118
27371.261836165
9516.193431500
4036540.858607613
19591.173573429
61875.062111067
3615.553573232
Case #58:
41592.561702708
46383.626419417
30694870.450308867
80213.913134432
45601.614304791
44385.944922272
46065.540850814
42442.181401177
45204.647215199
44593.458213829
96662.323177630
48725.246795918
57067.492218361
56812.474811858
50491.213349190
58172.417543017
51302.974875303
52233.414490140
37833.460481823
45113.486939963
34006.557833914
44963.436321784
57366.835350441
44937.060014403
76249.941922088
48066.365443895
54083.337193234
390863.888052626
45025.707594961
33893.929572961
79621.406786593
32890.018237733
24476.199756517
212.680534973
45804.959959081
105429.981021995
38529.886723709
1170.253786646
64981.330247497
63008.790873209
51951.507377409
55516.928879315
51918.279415734
45898.385398667
124546.311347334
49334.425703695
41818.372921305
57999.491477408
55730.988954372
52277.822898968
48914.080113845
39567.016239098
949364.940363518
36330.033828895
62488.037216027
41845.012135846
42135.167419938
44759.236420794
57875.630414095
43488.491425044
66676.231559730
52279.160490307
43198.430803664
60264.149982326
43780.930971364
38307.217175759
6995.467061106
36594.815715700
61034.606251673
36309.825375840
51382.723531257
18581.479630572
41342.985191718
48300.091600474
30899.167909690
31337.187915730
125328.412444887
58104.915522615
21261.481712079
62601.517283854
292653.301053508
64775.585743506
44790.101530596
43507.971401305
337674.227389738
61799.508062767
51327.898900252
50151.986461051
96404.284361757
49772.545769563
48505.845594360
30834.424489732
60626.250003351
50679.306529748
67757.416854426
31355.268368159
62607.593186788
54830.033318075
65413.881505240
42031.559709702
Case #59:
5666.559090213
13063.031739653
49298.723053450
1395985.934819746
897567470.050118450
8916.026923326
9515.046955288
342.271950191
1594366.712338028
10335.664458323
1741.125137000
7832.342957976
98343.217407583
7702.273669454
21030.512417817
15318.463779996
7261.882606175
2394.207273465
75711.331524159
8464.527222385
15460538.874842240
29223.418884626
39659.710738145
1094362.781369353
25273.846590392
37600.218849541
840.319686445
224775.648388968
266149.748569239
23830.913993335
8184.237481448
66903.447109451
84270.847621961
170126184.999999820
18438.900098512
56139.138054852
3945.762163538
4182.703019004
62533.935718665
8476.119865683
13697.168826623
19387.851858726
25140.679672447
9139.147974967
8184.237481448
21794.904526374
176091.115770779
51787.810461612
6546.432421345
6825.315793617
42029.929965004
347604.401246288
649637.803748472
2560.562906376
664.774358614
280371.321398760
52465077.125882924
42765.010859406
58306.249799256
50187.071256945
47472.070091442
11568.088302076
12445.241298954
60856.959717781
42029.929965004
9809.915276669
11075.614851709
409622.274194292
22827.578947469
9662.665525136
42078.487579807
33147.540551974
1031168.510733332
35048.072613619
21624.235088992
Case #60:
39527.876165512
67862.441214579
29459.876148673
35552.678340405
68102.990799410
75787.896221723
7038.981344057
58159.797206373
39020.746020662
41871.641380838
35050.100519027
43195.991128238
1107.440053016
59834.628407242
50718.031325156
46861.980095815
50621.083991830
46640.937241926
101331.443520940
58072.030812590
20092.014446397
24442.271455830
53244.882312892
109920.806366681
48982.148570220
41179.964093782
50352.474206103
47013.688603966
35376.337714131
59369.552609624
38702.710410208
28523.439723107
49812.940733104
38453.310328512
58559.527371630
66111.517618210
42218.498736491
33897.425086407
31925.836875750
70833.051382642
69859.099585978
828077.480297162
56657.241461086
40327.780115732
25506.979398305
38734.515240662
44517.930423333
43534.244834696
42149.591228973
66946.940023893
38439.937199726
41086.448437440
40959.777306428
25667.195634998
41521.994879545
38148.810857993
123339.141665487
41549.662196936
26687.724876030
39637.729170861
21578.863074254
27491.897565511
56894.118702260
35817.201593693
36037.601522966
61145.917355223
39094.544284281
1008.679324084
1206431.354078601
52168.086306746
37000.405865675
67910.877111807
42645.478988094
55140.617699105
38771.173379273
42865.833062128
12540.453819813
76402.630830156
49111.443192695
34804.735451519
47196.443148514
45964.727372439
45184.594297317
104113.678600666
35767.573127428
44178.504045691
46327.522270779
171229.733021194
42196.799140535
21999.999766163
41160.380577218
40888.821079883
66865.868106773
47896.352083019
47033.659964720
25055.619967204
437040.573897038
24390.433150846
130482.207875454
212211.532947967
Case #61:
1.000000000
2.000000000
Case #62:
48875.184485213
29221.813046335
35898.721165375
38106.451737241
43452.286949448
45227.480846305
49946.193735135
55948.141713178
13973.619358291
51016.835409811
35569.293934868
14650.717932895
34900.940375911
43112.640627528
41026.393359213
39830.270714005
77584.594223150
44362.790767340
28346.419747757
41230.219691707
33498.631544374
29691.613417520
35845.824477051
32776.318853725
39311.802354702
33779.405321440
48352.718387472
18288.439446758
47750.246984239
38349.733755017
30823.949688927
18954.000056623
428.936335930
40975.626428031
20777.391416557
34979.166815905
35336.989786855
46791.074708616
56863.545292048
37922.282785581
38535.533171551
39970.588019602
35317.916769615
34867.412694375
38421.825290547
29370.803196232
48412.072677152
32165.883437685
14516.213532820
39587.803016102
32310.368786215
6563.518018176
31633.582731327
35554.117238001
44464.923930308
31548.397034969
10740.666400206
10805.111536684
135131.448147444
39844.991004594
18915.331174880
60207.479473829
34626.749840654
35850.909647458
36004.377206211
37465.341770952
12487.947912464
34531.535300594
54345.739964244
34776.701284555
65701.209585052
31340.626666580
40247.764496240
38473.720054137
42612.362258742
32973.773202165
40639.412241087
44812.657129508
68067.912744080
9551.554832623
22832.565028861
41685.041184910
919367.436545846
48772.646224133
34218.093879176
34536.030523956
8173.747072142
43130.990395975
30493.584595103
27364.061832653
143372.552238311
41228.558107298
495768.921123713
188747.409329335
34529.759041602
33022.268000357
10261.384277023
32198.008333026
48540.946259023
36252.151082384
Case #63:
44467.829696588
10874.252821198
43003.183547753
3127227.907120251
44214.349130776
24747.203929027
6145.890164958
1608697.966941770
42591.105233370
1063498.052353559
16399.858642059
9104.623766916
10044.685786031
13760.468162360
14555.604749054
54271.378578163
47174.445719766
4952698.195515042
3927.767136076
4161.220680882
6652.821173706
11555.389613442
47918.011413213
26202.723196948
7305.983863142
47891.717511045
13594.225199748
74739.000000000
17232.039048960
27245.606336100
33841.301008416
39807.639614766
11254.556233763
143309.595171259
76832.000000000
22875.573532223
136.633649239
24153.098183424
46088.291867653
22280.853118337
10353.149080920
35467.197801575
Case #64:
16056.322386283
118967.644194640
2195.327245969
315895.106105139
160995.873334642
783.174362666
11018.787339850
1986162.977357160
1596.390480078
418.741481071
34689.824667236
553.604403283
1038.966632842
37751.876112321
82795.975497746
685.147533028
52583.805446228
56036.832498414
3669884.329773213
43863.404609881
5647100.121209635
148790.313170955
21607164.178106878
3967.682425245
3638.828639500
5410128.430035473
7816.061067847
4966.550201257
2531.771487772
88899.000000000
4502.753099326
48754.770618972
107640.992467303
427027.176235022
12272.937148031
99735.000000000
1800.291962529
1050298.105291758
30602.592456430
14783.277402419
30602.592456430
2044.060814983
5999.201533950
10525.327759631
Case #65:
653458.263576624
4067783.886263636
468107283.999999640
228089.928680320
379425.133268648
65874.931127585
100727.330199467
50281.966204288
60112.338207882
349164.078902795
64020.825452168
134767.123331657
51242.258625084
56039.291225542
189072.542466541
146260.244223261
7234506.783447649
4354816.918848828
24277.251581192
86213.590127005
210114.161199228
51682.258821892
82230.351794936
156429.318594382
19171.725599100
388522.712188077
8512.763497970
63527.765675121
61929.323353883
853311.649290920
52752557.949865915
104874.074039906
1984418.101603713
79486.978113090
529285.320449500
238644.259691941
585368.685891406
1077237.668245214
79583.596494701
79986.054509521
490164.874874818
912.660944711
106032.619951564
275789082.010599910
181173.284782451
893552.702758184
733059.044898106
342142.714816058
3683.524995094
211418.558613034
112721.666258184
69295.031832102
4354816.918848828
160152.923053809
75091.183238010
174363.018717378
10708.000000000
1254849.392159809
824304.449190919
186173.937564895
104874.074039906
5847739.923309507
Case #66:
1.000000000
110648.376771492
11315.428888646
22409.402287965
18004.513141928
33247.186947371
11674.889526381
11543.335094383
40862.200433608
78488.312466334
51723.467144594
52205.550532121
79504.379776615
14677.576613837
26192.480519857
17514.059413097
29966.061148297
30398.619436029
20847.232950914
27550.111151674
26340.341296042
18620.424320715
32739.814975795
41222.246506553
7687.927478430
33387.040637349
20799.792122706
17590.200107375
367760.292447029
32216.698749955
54233.117075605
34800.333016183
60478.227458630
27862.230250608
32827.191891689
32635.586581726
33314.714847974
31007.413807669
34251.623569592
16615.581279074
12557.892056648
10113.500238240
35095.840782883
114719.403943274
1174.966412374
29009.925520808
98935.007821227
31399.645605073
19699.195716063
29635.655264639
2573.605766736
140808.484742870
32489.813893963
32002.693737621
27815.454646509
30957.152166863
71937.205362797
18542.777433200
5755.977030127
61381.152776393
13371.330637241
571701.520911568
10057.740906566
14613.059942360
3814.822761585
32256.070130555
25004.928083102
97118.127738897
84185.043511696
71566.591033725
15651.400778571
13914.671036740
19304.859532387
16217.359354018
11401.500164906
39986.080043482
24351.827686112
Case #67:
1073.328201444
1053391.116104384
888.454346992
463.938189935
4259.154348548
60023.567738014
7.000000000
7755.254228033
3959.845201622
362.354672138
98846.000000000
3099.246241158
919.739211385
919.739211385
3959.845201622
1053391.116104384
34880.897902234
831.818489816
43603.000000000
3099.246241158
1958.104961430
43273.552755061
82628.000000000
40.787706232
346.478189034
3739.838618907
3054.992119449
343.569498064
73.396107865
4259.154348548
66980.369422690
297.539913289
60023.567738014
1842.305744417
904.465516082
43273.552755061
10880.119939480
70.748431918
3054.992119449
2089.127798174
40.787706232
297.539913289
208.813313752
4259.154348548
58050.212781370
27.194429301
3404.508890014
1426.966905626
916.078423124
800.371539343
11052.793582472
362.354672138
8.000000000
208.813313752
1533.020175850
85.256892945
800.371539343
1407.109286434
1053391.116104384
916.078423124
85.256892945
362.354672138
1682.926796870
1407.109286434
4402.256130985
208.813313752
66980.369422690
34790.211182440
904.465516082
3099.246241158
2428.541264228
3.000000000
2089.127798174
Case #68:
138529.255132710
228461.763770236
20430776.332551017
24189.279419056
94368.013012443
5249.268239595
27313.486464890
26915.977481413
35471.735208393
28092.263232716
1628.488006505
68157.977200537
77195.785488111
33932.526599240
26453.145712178
42335.148656543
33322.765877572
7813.899126100
9408.162490092
2490.632551049
15970.064984536
24730.653683004
30188.383253327
29921.916353817
9176.422166474
23598.013694585
97234.624529445
51187.992835246
65184.291111144
164427.798808140
338109.245422085
9899.748708090
7727.485750712
52947.929900961
17919.013153721
42670.385038953
17491.626632554
89497.445853305
29.991817760
30714.106390786
99174.830101954
12527.890764784
57357.516315306
9614.567122439
20770.586054500
126229.999050639
11923.579212336
106860.301156346
278580.551698290
13258.199786491
137277.118685277
30758.441007660
20692.405126396
76778.497225242
Case #69:
60626.598599301
63888.909332213
75744.537446761
4555.564305233
33474.494208512
903891.589408737
30652.158016527
31408.549118733
33549.455904485
2334.975873583
517.785418309
283908.184779884
322620.494044902
56320.922510609
18786.613562695
68356.635128989
15869.448574645
180266.803570745
78396.005725402
42842.533464454
205809.104087646
47597.930575401
112233.316360222
84742.432611198
38067.300552370
15137.450690427
13939.900740776
24241.800415468
3486081.423067893
22532.512406862
28613967.204226408
99422.871569036
195638.961760600
181554.084358825
55996.241671487
108552.837337762
35512.961890224
5130.389134329
127.353976096
11337.071354743
49127.521729226
24384.113459189
159000.614673507
8837.437831188
35641.069929629
11254.833781109
15564.585317777
40428.089613841
12357.915496419
21967.203059138
73312.617401459
2239.638011276
67156.723493302
7978.382793543
24090.860360380
38341.912968886
13045.759783582
105093.387803640
8562.055898189
35676.861428533
56613.593240998
1096247.469484684
30861.258226204
50411.217525731
175407.595423527
7962.054917237
68764.123929775
19242.733288902
96774.580356996
132601.115828661
2444067.654344949
22757.026464914
56299.692166440
18201.375674193
32571.690447159
20703.160838887
27103.367742896
22248.537725165
333514.985827026
43360.002542940
79804.830606875
Case #70:
999999500.499968890
999999500.812784430
999999500.887744550
999999500.471383570
999999500.825267080
999999501.184893250
999999500.820893650
999999500.942568300
999999501.156219360
999999501.486346600
999999501.208051090
999999501.540919180
999999501.975680350
999999501.922969460
999999501.531411290
999999501.838550690
999999501.509115340
999999501.128148670
999999501.596713300
999999501.573873160
999999501.873440150
999999501.563813570
999999501.132896540
999999501.385844950
999999501.469231840
999999501.899456980
999999501.415782210
999999501.301103590
999999501.501003740
999999501.953628180
999999501.979352000
999999501.653223990
999999502.091915250
999999502.346405270
999999502.048628570
999999502.053859000
999999501.833997490
999999501.916904210
999999501.503094430
999999501.426615000
999999501.656225800
999999501.201227430
999999500.713964700
999999500.551702140
999999500.413156510
999999500.709928510
999999500.281949280
999999500.018867370
999999500.008384350
999999499.567801710
999999499.815770860
999999500.095871450
999999500.268966670
999999499.770834210
999999499.583485720
999999499.863468050
999999499.436417220
999999499.334016920
999999499.007406120
999999498.927713040
999999498.434018020
999999498.608068820
999999498.362446430
999999498.880444290
999999498.663434390
999999498.691950680
999999498.540658830
999999498.678428770
999999498.958127980
999999498.805560590
999999498.729007120
999999498.222792630
999999497.845879320
999999497.974084730
999999497.694360970
999999497.370786550
999999497.304090740
999999497.757288930
999999497.984794380
999999498.504860760
999999498.686929580
999999499.091376660
999999498.893217560
999999499.189721110
999999498.743422990
999999498.794506190
999999498.998875860
999999499.002160910
999999499.027382370
999999498.900080680
999999499.212061410
999999498.977971200
999999498.753278140
999999499.207247140
999999498.817853570
999999499.345824840
999999499.515455250
999999499.366525050
999999499.324802040
999999499.006627920
Case #71:
10353.376405057
16213.294210498
69337214.468250155
22133.576877704
18562.311556428
17678.822964892
1821.119532780
34818.434998122
10325.897659765
48908.532503586
16852.254472616
10325.897659765
49646.179252063
29650.413824613
21240.716990379
21701.005695561
1767.628199140
4810.146258771
1069865.816442503
46418.380135297
24917.350430962
40668.140964364
22653.556432560
57745.063004818
12584.744989818
368156.217781482
46468.913419109
32243.303867143
7127.801357626
22433.082100151
51177.838766786
40964.593630919
49408.945338535
1463.921054738
3340.591758524
12584.744989818
32242.803566381
16995.787951105
89861.384614162
6410.988328886
46468.913419109
17694.085385590
893642257.000000600
8322.779536228
20642.001373700
16694.563640049
66119.310530164
14684.685955201
9124.185012232
20044.875514369
34398.268175509
15101.772017150
Case #72:
4299641.751067175
2565.939531295
2434.637506166
270491.525276394
865714.266950370
8596.435540385
5610.282342806
28956773.560918100
19048.745453158
28732.000000000
Case #73:
6800.575418096
20958.851989511
44109.440358160
8696.951944245
67317.052572907
60952.170478182
63148.666709314
34946.214189241
49005.603634131
37610.734608329
45097.807442437
54947.984403526
72837.752968468
60624.896922150
63582.677891520
54161.773031788
42265.922454283
59368.330279948
67261.530363687
64830.238463229
35898.056049806
55929.130797534
76954.671570937
193236.589342990
66593.317665902
45158.296685032
59904.752066127
16716.905779088
12884.920280364
52713.786600504
38939.146973122
16281.843507225
61754.436697181
46348.741511244
67605.580319658
66978.532038562
55817.358349710
120239.733928153
55142.645451409
102977.854284344
221926.036289323
139091.648461646
28579.193747938
65668.855229264
68726.670016091
20490.245882985
63600.474535032
69273.471801990
60306.610590875
39710.743117876
50922.354735880
47011.168384921
35998.102053684
61875.134795906
58415.230705152
59077.022270106
55445.507840350
70325.216582996
37740.334723851
51309.110451151
51598.656467440
109590.073285665
94198.029597343
79980.491018324
32267.892738873
36518.424450820
37747.646278203
27369.168379332
42273.527179213
79054.187542052
64171.394319520
78076.958161381
2643855.739963845
64152.673326898
70666.468361965
60083.600801215
67938.410276328
29344.760873763
56054.434868908
41419.692792538
68064.033586775
12423.836603683
78800.051542406
67241.820019128
61621.928163577
43027.416083648
38955.196216259
46244.259480495
63087.621851260
47710.545451139
46448.920728100
43937.003004728
28545.368702115
21513.043213172
77720.919923960
70340.072659547
97169.581310259
55558.727542960
70717.819068609
38240.505691635
Case #74:
28220.470520862
69403.959389505
20973.468249007
32601.443849218
32334.413231710
32221.050405291
41923.188452076
67102.230332310
12255.653795634
40708.668962509
41303.092524010
58190.085170573
39941.509740443
65629.461857927
36788.710787810
17407.878237521
45279.481215084
42458.138373631
40264.559954614
39364.492491725
34506.502650035
6839.801222414
41751.242684746
55048.928315656
26235.246670252
34351.157613717
90027.080870749
51250.047405463
67232.725604097
19717.991951720
327903.869445727
59687.634496670
2162.977956093
64154.039456043
34606.268690128
45589.051369008
39691.131025126
158381.672541808
48569.778464530
61948.173313896
27612.092168064
39208.303254763
35313.383269408
45699.887245346
37481.362343066
69639.914502371
70436.197911063
51159.025733792
27159.984293180
45473.359440282
37435.483481166
29148.922260207
38040.829444699
31569.684056056
27275.754453193
50037.650992839
61933.068459978
35603.841422638
13377.452823225
28418.573175787
29397.953222211
52689.314107342
564263.326309770
45846.099129744
44437.343088085
12027.735681957
15793.279606275
34075.701833489
44884.147210724
32031.901511294
76370.050075700
51469.176150077
20717.744628229
87285.800774956
36668.717667968
38696.966623640
107398.408333029
28174.581022193
21330.622967672
26457.074407411
35251.359052894
64135.696523916
855.401824749
37978.589712233
43134.759634920
39150.944292698
33743.728426824
29568.553910474
39066.774656049
28960.277894219
28374.853235932
31915.233568912
37694.336155840
49119.737893953
61761.799492553
29652.840829071
111505.457171848
32643.670680847
70642.209459978
49162.155138527
Case #75:
87186.542868883
63353.476306454
49538.775149993
38920.299786041
105195.562502570
9167.360346380
80012.690625726
68732.159666597
39205.604909916
480336.464944003
6112.875112273
71896.261959778
48234.382875267
78616.541300338
50341.484847865
197953.369922609
5881.630566356
48703.611335227
49383.333980390
12562.285653848
90040.083935554
273377.489240283
382.395316134
115992.421376660
341.145331463
107130.933446550
72873.907557739
105117.553205630
45527.327449813
147767.987917693
6873249.691563041
19372.432848196
83107.768588277
58713.383560141
21354.889568181
1810.269020725
479193.725090556
48273.300385190
44.212641498
30512.004667441
24717.908826064
62767.985936122
80012.690625726
131394.681814688
261227.378442289
116704.576115915
160302.163370905
22355.159487189
122888.865595637
20708.824354878
24763.345175704
176129.182822929
7073.821220870
110063.112888730
12934.630314098
16930.531380963
28549.614622058
21714.169617481
107675.929066985
77041.558325314
58489.934514835
41808.929727990
34378.513468445
18161.480325440
234253.961645914
63547.876420276
646.725598689
406655.368997501
33201.985639420
21171.666343257
46323.560406754
77242.959487754
58277.472258475
78235.859212052
38496.150473897
376075.371414744
22963.726973432
Case #76:
139232.018220051
400908.589743874
387420.546169050
170563.463582093
938162.955402772
1315335.106006739
64677.626983756
40473449.167662963
1750.894997874
159949.483248509
450640.113054108
923145.175709788
88924.867136331
257194.705652827
1547582.979807993
390527.814023004
1194868.954551091
537867.088949331
210534160.634697910
28808.531652645
206017.771777389
41741.555044982
Case #77:
56007.089393496
76757.294235505
47511.020824303
99691.423028640
29489.910627099
57883.755147581
46089.319362939
161892.046661377
31799.809983890
279197.869819074
51763.119545179
35366.019627836
52712.239722056
956412.980419098
51185.318800404
45169.845205350
44519.913234206
55342.566138197
40787.801677059
52768.226314283
53379.757833183
37829.326054353
47554.174623934
40295.914332922
49943.211733316
47490.232459804
59291.345142730
45796.460108081
83049.188185074
116638.480324342
46458.029464951
49263.086998791
46295.602148519
57961.967391788
50008.502477004
42472.734182313
59588.570781908
49538.039840977
43901.719506075
55344.147057947
48892.771399405
52127.103880717
43372.588723635
425617.176365099
55467.677314295
49100.023786702
50588.924421818
42431.265452221
52160.536151604
15919.882735501
41766.083224271
46501.427455928
45502.523481968
39369.974435829
54199.971735863
64454.172719659
48091.825840582
45054.653348130
44360.480734358
41192.486441627
47058.852968783
60458.921013816
52696.466327430
50809.927762115
47670.238262504
9460.720290135
43835.998667194
47162.083734205
47151.364028696
47768.990615793
34143.328204582
46456.881517127
60076.338627467
44504.056653550
51263.070236292
57630.218121410
51927.348912414
47431.015314271
55855.005576872
53260.076612014
40542.708402481
188080.480396486
41271.003709746
57548.401429185
53233.885053084
51114.890098665
47238.209574451
47563.523885398
40962.027427846
50608.620913103
27126.007957577
51953.314098728
54078.242407763
67238.189140578
38291.186199549
38461.354787142
82829.651430904
56940.927197233
192369.080525774
45794.383168902
Case #78:
37008.746975896
159138.963624423
63620.843832623
10712.562878541
102607.537928211
15555.246261723
7868.135083077
85418.313745298
236527.547156924
101245.338047039
251705.982116586
481356.983175407
76091.686558412
29546.337069558
25751.661936653
26288.605524451
Case #79:
341534163.165297630
146207510.595215080
97235.031752203
146207510.595215080
207353.116250771
647712.193978495
255.747668264
282002.549422066
598864693.999999640
33797.842214197
28163.449011415
5.000000000
242855.382961528
101292.713670734
42012.835603493
17633261.066934295
934184.037480839
302801.639531820
233931851.666029070
5239.000000000
111032.992938879
4176.522700859
19041064.439608835
313015.266670555
67518.586922808
377845.384949335
5.477225575
90165.400280305
23421.136955920
117129.162343469
1021315.062412444
218046.121073227
544173.261153033
280524.520104608
330435.480044173
250628.008041454
488403.604525268
250628.008041454
207353.116250771
124457.433861532
Case #80:
150848.316639732
109699.949804120
358.816512482
32563.033986499
185117.879277159
17610.570819543
248971.192393130
380.178905254
298860.183280473
42912.782015304
136342.933365570
32070.650706691
96323.253086965
113949.490814828
Case #81:
29496.224900357
47069.349075273
3864455.079203025
71567.220471757
68632.051003073
20000.251870846
40003.052342363
12350.134169312
52180.096309093
8703.081314677
52471.273517444
134.751623367
81262.509798687
95767.624461807
38398954.701843858
6510.915355757
22139.051624327
25447.278331759
8871.168972793
31351.671500845
112147.354434340
50331.901242832
3393.616702335
38434.090240916
58161.169763448
12965.839179449
16698.016394907
29057.772129134
27877.184884294
114445.419525325
93.808835091
68295.310797476
7470.823264810
31626.076614085
31094.156620134
767995.883375974
21514.250903457
39670.000000000
18430.267819843
5052676.960617662
28976.172901109
22416.581957761
381590.794274207
8757.453299372
32518.238322334
21942.488296442
59350.076135394
83634.502232192
38918.374257753
80973.390135486
50060.054525746
Case #82:
46128.238616978
36126.164343958
63446.621489809
38513.123371078
63698.996467382
27289.644328435
41961.634696876
81346.918755296
46711.980934707
41442.820078346
37334.317545084
29929.625077684
29840.131395450
25731.272678673
199060.407170065
37215.311488081
47151.560945213
56318.699127306
109345.319438611
43617.009373805
122268.037871119
53082.542934359
40548.061365640
42080.196320296
8582.681909169
189874.791176803
51012.200651615
77828.652754196
39941.691966070
71601.422979431
15381.616625318
41340.227916483
58522.705929322
31648.131009300
38894.035896920
48936.458684456
46155.503359101
45596.915258741
32792.004470626
35583.213814413
24299.385954580
38230.713687008
35141.162937574
84700.191866644
54660.183792743
42349.918540296
61894.301647054
39193.474692344
39646.197258715
38877.897391318
30628.857040722
35903.540234560
63125.947215703
80751.057604491
34282.750780186
23376.546509593
293790.492684123
51218.670762671
55489.836973415
75965.178587714
47639.725039253
44549.357500771
30579.908138944
44853.757970704
49835.896674839
43729.294401966
42164.681383681
42334.642144205
51743.120803231
45878.715384837
79253.528723892
46838.196363492
36495.335290096
11424.068612471
27690.393578480
61378.712216099
41726.156467634
2609.998846669
34763.055735809
44522.265668048
76588.309135853
35245.876112399
130713.044592176
47231.127420795
73713.692128082
42237.047583318
36349.451652860
63244.394790618
57135.442522388
38241.426362240
23863.394881073
33118.445189824
37787.302225195
40383.844209188
44542.484663637
46194.743759021
34592.814317923
166658.970907779
53233.099731425
43699.668951327
Case #83:
26087.675832994
26708.318777090
36060.863053074
7289.268875470
74085.590826706
35538.644707429
38291.992041335
22983.115014902
52240.302985292
28562.576223579
42424.974769312
76015.928537905
41786.296099386
40801.930777524
45420.178387154
46977.257263893
74621.430200295
6494.406795304
50303.248674156
27153.448568332
66400.370923469
51323.438410371
341216.920624690
69580.743892578
32926.607755914
44712.569066539
69824.858979844
25661.229052601
59122.756089066
27468.768584690
40125.485905793
38864.543936228
41943.899945114
26039.533333195
48316.967463231
38587.671532802
36628.937267693
62402.796726091
62684.294737732
40565.358527272
38782.762108940
39748.141555235
46749.135717023
14587.684980817
10569.169515586
20346.837241728
26192.466116060
42913.183007781
96423.934034794
25868.885761119
32416.000722697
37134.681168558
50597.978572900
39606.388192291
40217.208252825
43233.269102308
71114.312746307
50416.523334389
19585.916135336
74147.373650440
35718.426633466
24341.549784090
44148.463019546
20488.530492124
29125.776829479
22895.806663775
504159.619451745
75878.886746098
38715.004870136
35934.833566942
12811.800846561
62145.691227245
37559.848128189
40602.205003531
24890.150591257
13889.251261231
165738.593431204
73379.708289100
27295.461595701
47523.241171816
35693.605609944
28332.176964956
30046.253737939
62349.806354934
110700.779753771
47057.969003977
25980.406815379
38806.711571177
50880.528591984
38631.685710058
45043.053795891
52237.309685288
60355.241935883
48743.262037933
42388.545142252
99681.844117352
23976.062489396
8047.086035014
53297.975761450
23061.065101327
Case #84:
1000000000.000001100
Case #85:
10658.090242096
152382.892457258
47092.469260738
77966.926008950
232262.774515912
250194.035385260
26978.121497507
62045.871656819
29091.592021650
39355.906699609
11087.358850364
77572.408419850
97082.082768700
22198.885444081
26443.845752892
17849.795544860
115740.692944091
43454.124038258
50981.610234201
97845.319211417
13581.485397182
487.177328341
22669.514496995
65021.676843973
24535.316232882
93386.164077825
124027.881803702
97843.920517915
123715.179416599
34149.849317921
3440.795109239
4676.154141604
22565.818924382
8672.931492995
88324.006134678
8068.718065181
12924.317672968
44071.143807151
43101.752569050
14682.837240176
36285.734473237
116612.725858145
29287.712398962
222126.229577730
156090.925295476
97770.312551243
15045.558817192
132624.053488333
41919.239939719
185074.545837018
74699.580911706
40554.361017077
106208.732903004
82767.403398766
9951.705731802
20424.083418344
97441.725784543
76190.948136494
113431.644810232
75419.351740898
170358.294818894
23950.644139204
97776.150716955
5216.752016501
355256.453836982
21236.720359457
65720.891417726
Case #86:
1612283.417850894
123011.824717914
17814.043574449
270998.696427880
540063.736830451
43076.730241741
1084880.960389504
69492.809139620
11330.868539160
9396.894591401
123011.824717914
73806.780511467
95.886439795
2596.544084640
44616.030682484
20156.488810704
175271.074517601
75913.959051046
73806.780511467
99354.696969944
328.184213903
69400.459788716
328.184213903
35942.651361673
871.629728240
32356.792844369
Case #87:
17321.957508326
9681.141208460
32632.620038445
21823.203212272
64657.360571344
31739.646312411
9521.278396009
46028.127817662
22190.768071923
7373.327615201
49829.538754085
40824.761946140
24607.925827708
10307.053653580
46611.617833883
28837.855106052
25855.653096434
30306.899871775
24724.307433416
30600.807028440
72218.019664930
29919.082768267
132663.689206357
31397.012433521
32420.316921706
24863.983246811
65878.093444014
11145.750449482
26518.024381586
33323.692874229
69790.654159717
14015.562240877
21872.107704502
27540.464385129
39909.216395176
24023.706426547
22332.606292398
58800.308481738
34525.131526861
17938.970503525
27246.054886972
26214.205953606
92554.029989502
21095.312696641
19630.275783254
31929.571246937
84010.117579356
31506.996172483
44120.693600195
37100.031403732
67669.883005981
31900.571030341
16847.853572770
15609.907731445
25261.937485877
31900.134319516
23601.844639741
18999.842353904
592342.129090630
76065.637812299
31175.825294291
66962.951150812
36896.791302924
23031.101769694
31946.306931764
20062.872408946
37714.488776633
25133.033870370
26042.357531985
23776.431362422
34189.464663224
138740.014906243
33690.803981260
23607.355376854
22812.894444630
35595.686193397
26542.050257240
34973.480152513
26054.641810032
33916.422620495
10832.957265518
21802.173562750
20542.619292331
7911.568974623
28932.314582486
21732.777750409
28223.465523750
36017.800290265
14132.898061888
29651.274364067
30517.072301979
22716.962011340
28686.927466194
58785.956202795
24835.063818280
24262.144382636
11525.787976020
29419.570069207
15936.427983608
15221.470097362
Case #88:
1041.716057006
1082.235293172
2269.604572909
1959.926939440
15006.957291028
1300.603593561
3237.581502111
3473.970173885
668.778221392
Case #89:
2806.726861773
56873.169589447
114259.842046650
77779.351695480
24383.419264168
47043.936015448
54123.454976392
34977.098454949
1282976.477953219
25043.732070452
73071.856489750
899332.529324400
20257.437421608
54817.953223346
2620213.435837719
7853.133836082
8578.617775717
12629.345281982
469.263245097
39086.491193438
38871.361853721
146449.703348381
13474.068523438
67850.851711547
73678.306795149
55010.300350225
7392.463834234
82058.490082747
42625.569380293
126941.526928911
48558.636490689
7174.152079892
57684.525618244
1215785.041987275
43270.805355423
64825.902586152
60222.515007984
87506.256095055
45901.217563525
40236.692729976
122002.154967163
209620.544431101
63645.874662537
Case #90:
8290126.696326608
290325.358291364
151950.593934362
23795349.509758823
210082.658033111
714531.561828380
571.944053208
96417.000000000
146988.738816924
391792.465098899
79.030805697
6044661.429361616
1024002.083081258
214817.772186030
276760.622771773
83006.046556931
220051.345253410
5451956.576743806
52372.067870192
864997.979564114
146016.790293940
1241289.423512219
559325.957306296
294801.986329091
1650516.269515084
87112.662135258
338749.303426972
658034.813926451
50520.493426570
1510797.165833530
485626.999005313
338650.843057515
6044661.429361616
68858.468355787
198121.398576370
161504.635620458
214817.772186030
934532.125361160
487720.115414768
4134.837886388
3258545.376384532
Case #91:
33034.880123034
5250.592655271
13793.658813874
49782.543025888
7726.566220967
4912.618132082
12078.770684189
22067.330545203
14111.902761443
8426.361976178
14921.752004522
16231.406814132
8938.833592181
5921.631661701
7626.882154512
12863.074859476
15664.718080695
7991.612203030
11721.554262220
9341.289617356
10651.094870274
7454.336351674
12369.042986081
7453.754787740
21828.825185978
8372.837901092
Case #92:
309751.281169297
754806.225477030
3168674.615059743
70365.821676405
224994.059846245
43975.691376032
88479.469154237
83632.592396745
21512.921709551
515094.734709505
1783421.688916835
294981.693952975
3347345.581783602
66963.122070707
11868.000000000
201271.737097698
248878.185065904
32533.134782661
730354.553280191
304426.380298347
352330.772807269
342723.277541451
205049.826222447
160829.779070491
171362.793553369
878889.069983136
1154199.704736064
102508.954782728
434659.185830827
1715649.968834551
41818.000000000
348114.103368388
338201.826062758
1449513.652026274
105001.842976861
89034.192891537
120042.951150202
1156226.738970837
878889.069983136
201271.737097698
222210.762481667
3796508.065335471
89034.192891537
371837.596734171
32312.187650510
30294.733632860
176699.956295986
388365.436018375
660950.329308628
1449513.652026274
398253.885350914
289877.002141011
697245.199576612
Case #93:
28955.802025278
124241.396208051
1549.918315556
43815.593329532
27856.448203178
2389537.999999999
262.563859396
110392.234932371
410554.332893840
636.799026381
5088.306687731
45245.027623505
10425.628233506
102794.851043530
6434.530279405
16749.321169820
177341502.319591580
43348.777165420
957087307.000000000
36181.481933437
1437.806135065
3448.748323664
513.420908580
15451.218350127
84177.544076550
210509.508931949
581974495.999999640
23369.250902109
27068.437537575
40591.085837374
21651.020418995
5722.739522069
46571.551064238
44219.256622934
16705.857053075
14833.374593448
30447.195844792
10.000000000
5088.306687731
65739.219459955
398877.034437615
25233.317737351
99176.533570485
Case #94:
2470605.154093020
424758.729276212
199234.491389211
1803.961172741
469343.088610494
527910.125552053
810380.940374104
1053978.597275965
Case #95:
20860.130614412
141194.926914105
75526.929318918
91605.170954001
37246.016831028
12205.116115326
31922.383291509
Case #96:
25409.811938028
829055.987248407
Case #97:
165044.806875915
242988.006360911
11442472.725621985
285086.338378227
213.940114622
267629.304768064
142933.508937227
107384.829155578
693175.375665423
158511.330482730
373734.882774961
3038.763485677
1939288.538435825
84905.294725221
264187.996218143
1994140.926616996
1162001.529173759
126052.035242599
359921.974278254
111178.179370793
165459.699505881
141165.618708359
2079331.081578838
227029.742261611
48488.281397976
105937.257347131
2377058.964483931
3691.771979681
323323.188895751
354970.243578059
624131.495503184
6349688.084294059
267301.224228866
192808.776754948
365236.974571988
2207234.896579955
612750.394751902
202107.314369046
104475.047386424
186270.066608771
149514.432744715
809816.065834536
275891.964324218
382193.150210236
26448.477631277
881362.760193759
193656.046945113
120289.925001770
97614.688433495
112187.096429844
81002.825954446
42585.190915538
415761.611712944
280015.307019562
881362.760193759
91453.427906945
Case #98:
16703.063958904
20812.685015508
23714.272396729
388268.223282032
4896.165179119
17062.729018165
1423261.974863859
223434.435348740
24718.368819293
32379.642253420
42337192.682954952
63827.313419873
18052.313043097
769357.771435371
10577.990319658
40825.751073103
38899.671773219
460.898441542
22319.161076452
12050.674429129
3902.177546129
34428.109671874
8683.982025606
405538.473119994
73859.265275903
20220.199218883
18625.148558972
1087939.507066455
19185.505793456
593943.448802218
32298.489813611
42915.997227164
470227.655347828
35172.567543158
31723.998977424
10584.519375049
47185.388740651
10179.376774109
18507.118938949
13791.551426355
44359.169122325
11216.109099791
Case #99:
39602.561095403
32564.380861277
30882.377653117
63055.298145698
24999.814899698
24374.571487451
54413.911355072
2113481.790316158
46129.093989948
37666.669487812
861509034.999999640
160076.125384698
31370.991671931
45275.673702261
8976513.956580471
6660.224332554
262455.832913823
35567.998875271
129968.764782260
43349.204996492
14596.354066508
37313.070592600
31811.582608074
37920.604883460
20489.969947524
26225.117682782
33629.254225698
42283.897618454
18649.471900621
76208.871380752
5512.080912627
25369.160899241
43343.099325376
149237.025433133
93734.593792777
20508.447346409
36493.298726343
1435.422224972
10739.241958153
110431.784369001
36849.007196623
4847.065971790
28175.695627040
28260.281867826
62323.979722324
55706.740068565
43156.706117386
36266.834092169
18083.400988589
26559.762589431
51569.811742527
66576.661932294
Case #100:
57202.714561421
58403.718099280
1381954.308444245
1129.761183172
25985.577372716
79339.686816906
26578.319025867
35790.916829721
16746.231470230
25625.105257268
67701.764973917
312094.024006923
16333.175084429
52986.374094226
14330.335372662
81178.084177882
12483.278020222
28820.426745321
417035.772897887
93635.210009960
52083.784834420
15509.688206890
17327.579676791
42005.665036285
88011.202768009
1434.794388836
65395.676320574
52070.466389308
75961.312522596
26048.549917439
203038.767611886
42605.850641154
58063.711132674
19852.080260931
225186.370313951
13332.226700563
213314.679337167
25025.915847937
780163.464886279
55798.000000000
