Case #1:
698
1000000000
1000000000
1000000000
1373
1000000000
482
1000000000
1000000000
1628
Case #2:
1000000000
1000000000
1000000000
1000000000
1000000000
1000000000
1000000000
1000000000
1000000000
1000000000
Case #3:
1404
1058
1000000000
1999
1886
1000000000
1000000000
2468
1525
1871
Case #4:
1000000000
1254
1022
1136
1010
1763
1000000000
1000000000
1000000000
1000000000
Case #5:
6
Case #6:
5
Case #7:
722
1663
369
1429
467
1292
660
1479
1205
683
Case #8:
2677
1460
1373
1366
1000000000
1983
1000000000
2432
692
1015
Case #9:
1000000000
1000000000
751
2164
1000000000
1225
1510
1000000000
1078
514
Case #10:
1000000000
1000000000
617
497
1030
2124
2266
1000000000
1000000000
942
Case #11:
1000000000
1000000000
156
1000000000
2451
81
1000000000
3210
503
1000000000
Case #12:
2030
2855
1000000000
2158
2413
1000000000
2498
1000000000
483
1878
Case #13:
1385
1140
659
925
1159
2126
755
1532
1099
1728
Case #14:
1000000000
2716
1000000000
817
1000000000
2069
1551
706
1533
1000000000
Case #15:
4
Case #16:
14102
2444
1229
15840
11526
15992
16589
20414
27157
9931
Case #17:
1000000000
1000000000
1000000000
497
1000000000
348
1288
1260
1086
965
Case #18:
1643
1196
547
2827
1401
1575
3173
1950
1000000000
1389
Case #19:
1113
1000000000
1099
1000000000
1000000000
1000000000
1000000000
153
645
989
Case #20:
811
709
782
781
501
795
1229
878
354
517
Case #21:
6
Case #22:
790
919
934
485
772
286
771
378
839
1466
Case #23:
1928
1463
1472
1000000000
1000000000
518
1000000000
1000000000
863
1000000000
Case #24:
1312
1207
1626
1674
1000000000
1000000000
589
3507
2315
1367
Case #25:
1000000000
599
1278
1389
1000000000
1858
1028
1035
885
1000000000
Case #26:
1000000000
1000000000
1000000000
1000000000
16
1000000000
1000000000
1000000000
1000000000
1000000000
Case #27:
1000000000
1000000000
1000000000
1000000000
1299
1355
1000000000
1000000000
1000000000
1861
Case #28:
2021
741
1072
2438
1843
1000000000
1000000000
1000000000
715
1520
Case #29:
3041
26305
3541
11934
45427
10476
13843
6380
31567
3953
Case #30:
1000000000
1000000000
1000000000
1000000000
1000000000
1000000000
1000000000
1000000000
1000000000
1000000000
Case #31:
1000000000
1000000000
1000000000
465
1786
780
722
1713
1000000000
1646
Case #32:
5
Case #33:
1000000000
1000000000
1000000000
1000000000
1000000000
1000000000
1000000000
1000000000
25
1000000000
Case #34:
1555
1369
1682
1000000000
1000000000
2145
2626
1609
1096
2249
Case #35:
1000000000
1000000000
1000000000
1000000000
1000000000
1000000000
1000000000
1000000000
1000000000
1000000000
Case #36:
1210
1539
1000000000
1000000000
900
1000000000
2489
1714
2845
1285
Case #37:
1000000000
1000000000
1000000000
1000000000
626
1478
1000000000
1873
1121
2278
Case #38:
1117
1000000000
1464
1629
1031
348
2272
1000000000
1000000000
1727
Case #39:
175
1496
2359
726
716
499
1502
1294
1945
1515
Case #40:
970
511
913
99
1016
544
1181
484
322
786
Case #41:
1000000000
1363
1453
2162
139
561
1000000000
1000000000
1199
1000000000
Case #42:
1000000000
1000000000
1000000000
1816
1000000000
1084
508
1000000000
1000000000
1000000000
Case #43:
1235
176
1832
1278
1748
1866
1229
1719
1739
1846
Case #44:
596
532
836
1264
285
1135
344
1215
546
507
Case #45:
37835
2473
5102
8926
27327
27853
2740
27961
27806
16904
Case #46:
1040
1108
1218
1000000000
1119
1000000000
172
1000000000
1000000000
835
Case #47:
435
1000000000
1585
846
659
1225
1000000000
1000000000
1000000000
1612
Case #48:
2561
551
2242
1000000000
2674
1000000000
965
1000000000
1000000000
1248
Case #49:
1000000000
793
790
982
1014
1000000000
1372
1000000000
1128
503
Case #50:
1632
1697
1915
1377
2151
1000000000
1000000000
948
1000000000
1000000000
Case #51:
731
1781
801
1776
2849
814
1000000000
1000000000
1000000000
1672
Case #52:
2539
740
1244
1497
2175
1301
1652
1007
2288
918
Case #53:
2092
360
1368
571
515
1937
1000000000
2898
3680
1669
Case #54:
922
544
1000000000
1000000000
1223
1000000000
1000000000
1752
1230
1793
Case #55:
767
1534
1402
867
1032
1000000000
1389
1000000000
1345
1000000000
Case #56:
1310
1385
1514
1199
1507
2131
1000000000
1022
211
42
Case #57:
5513
7060
22019
11467
7194
24380
16293
2453
25174
15976
Case #58:
2940
675
975
2072
2434
1000000000
520
974
1000000000
846
Case #59:
1372
938
1385
1434
2556
1738
978
1430
1000000000
1000000000
Case #60:
1193
1000000000
2229
1536
1564
1000000000
1526
1000000000
2859
1000000000
Case #61:
906
1420
1000000000
2394
2213
1000000000
2902
1645
979
2837
Case #62:
1000000000
720
1000000000
2098
1000000000
1377
1000000000
1436
1744
1433
Case #63:
35621
16869
27523
6570
30478
12390
2376
10806
12218
6311
Case #64:
689
1000000000
1000000000
1000000000
2098
1028
1000000000
1195
1031
1000000000
Case #65:
1590
1000000000
1000000000
1175
1000000000
3236
1813
1303
1000000000
1174
Case #66:
1054
1142
843
1000000000
1000000000
1000000000
1000000000
1000000000
900
1000000000
Case #67:
1000000000
739
169
1000000000
1000000000
1000000000
1000000000
1000000000
1848
1922
Case #68:
1441
1132
547
1000000000
986
1000000000
1000000000
922
1000000000
2056
Case #69:
1156
1847
525
1445
1000000000
898
1000000000
1373
834
1000000000
Case #70:
728
2180
2381
1000000000
734
1265
472
1913
2075
1000000000
