Case #1:
232
-1
-1
-1
736
-1
-1
507
228
-1
Case #2:
6
Case #3:
411
-1
386
513
-1
-1
271
-1
-1
-1
Case #4:
697
597
921
445
-1
518
377
-1
-1
453
Case #5:
420
1579
156
760
1223
1024
1505
1248
1506
874
Case #6:
5
Case #7:
1538
1799
1587
841
597
873
786
861
849
116
Case #8:
12
-1
-1
23
-1
-1
-1
5
10
-1
Case #9:
414
562
309
587
426
1198
301
-1
527
1073
Case #10:
6
Case #11:
577
230
452
905
452
622
831
-1
-1
248
Case #12:
864
-1
-1
-1
843
-1
633
754
786
680
Case #13:
-1
458
-1
256
-1
1125
608
440
329
-1
Case #14:
449
435
750
599
-1
636
664
362
313
-1
Case #15:
762
744
742
460
-1
599
393
350
572
337
Case #16:
783
1045
447
434
529
120
209
1002
517
128
Case #17:
-1
609
-1
-1
1061
378
694
-1
517
431
Case #18:
-1
255
304
111
-1
672
442
172
831
247
Case #19:
-1
-1
-1
-1
-1
150
931
173
-1
-1
Case #20:
-1
148
-1
-1
-1
-1
252
-1
477
106
Case #21:
1288
1292
330
-1
95
1189
767
1025
802
845
Case #22:
4
Case #23:
-1
17
409
942
42
1211
487
352
378
244
Case #24:
240
788
329
791
623
-1
558
401
1155
733
Case #25:
1421
976
318
1910
999
1192
1213
1170
328
134
Case #26:
1252
360
744
594
303
345
149
865
360
210
Case #27:
536
-1
548
-1
288
-1
957
-1
543
223
Case #28:
263
518
332
79
236
256
132
120
263
120
Case #29:
-1
734
-1
-1
-1
192
181
-1
1171
-1
Case #30:
950
543
1372
1430
497
1588
928
433
390
1506
Case #31:
680
2065
-1
1115
481
-1
-1
1793
1374
1576
Case #32:
713
385
146
108
235
139
196
612
94
255
Case #33:
187
-1
-1
389
762
520
323
-1
861
189
Case #34:
-1
511
743
1639
382
438
-1
1009
875
961
Case #35:
1489
985
706
297
968
641
641
573
618
1000
Case #36:
644
196
1139
520
1068
446
-1
-1
626
249
Case #37:
243
33
333
205
333
436
109
333
231
193
Case #38:
555
347
1130
1294
415
528
595
1934
575
347
Case #39:
-1
948
95
189
-1
113
494
-1
-1
-1
Case #40:
976
491
2010
4685
335
702
1981
983
2640
3847
Case #41:
7
-1
18
-1
-1
-1
2
-1
2
7
Case #42:
247
-1
-1
264
136
424
-1
1011
249
-1
Case #43:
-1
-1
-1
4
-1
-1
-1
28
-1
-1
Case #44:
408
1235
635
451
482
540
658
1000
462
756
Case #45:
5
Case #46:
477
408
-1
355
-1
-1
469
831
1053
-1
Case #47:
17
2
-1
17
-1
16
-1
10
3
17
Case #48:
249
226
310
277
211
48
220
181
377
158
Case #49:
15
12
-1
11
17
-1
-1
-1
12
-1
Case #50:
116
366
-1
745
911
-1
-1
1155
62
184
Case #51:
634
-1
-1
966
994
401
778
1048
-1
-1
Case #52:
669
633
439
831
480
398
284
590
-1
-1
Case #53:
542
526
-1
-1
-1
427
447
-1
750
152
Case #54:
-1
328
-1
-1
-1
-1
-1
-1
728
-1
Case #55:
3278
1976
1701
175
5124
1616
4877
761
1653
312
Case #56:
-1
-1
-1
-1
763
-1
57
-1
-1
332
Case #57:
391
359
166
-1
316
498
587
-1
-1
-1
Case #58:
635
587
383
1338
363
442
750
-1
496
777
Case #59:
776
2079
729
1883
4324
1540
4228
765
2387
237
Case #60:
1175
207
3154
888
3185
2717
204
3037
959
1060
Case #61:
1414
366
163
1208
686
146
518
1198
894
223
Case #62:
696
441
416
364
259
456
284
244
371
719
Case #63:
965
643
447
596
304
1129
291
365
726
-1
Case #64:
131
1066
-1
857
998
714
1047
-1
1039
413
Case #65:
627
-1
-1
335
449
674
-1
-1
276
745
Case #66:
1127
1232
1068
928
1084
1337
865
450
1055
88
Case #67:
1035
2980
1208
538
866
792
1435
1432
2898
3742
Case #68:
151
24
465
210
44
405
350
540
208
22
Case #69:
325
688
187
607
569
409
403
-1
196
491
Case #70:
-1
566
-1
-1
1115
652
432
-1
564
-1
