Case #1: 29 16 10 26 17 15 12 6 22 17 15 25 19
Case #2: 25 23 21 24 19 15 12 26 25 24 22 37 34 31 30 23 22 17 17 14 13 10 8 6 5 4 3 5 26 25 23 18 17 16 13 11 8 6 3 5 15 17 16 12 10 6 4
Case #3: 24 19 16 12 11 24 19 9 24 25 21 23 9 30 25 13 14 22 27 22 16 13 20 19 10 7 24 16 12 9 7
Case #4: 21 7 49 43 42 41 39 35 31 30 14 34 21 25 25 19 18 29 22 16 11 25 29 21 17 30 48 38 45 44 37 30 28 43 39 38 30 37 29 28 44 37 36 15 24 34 33 32 29 28 26 46 28 50 20 12 8 39 38 36 32 31 23 22 1 7 19 21 14 13 10 6 4 2 43 36 33 30 26 40 39 37
Case #5: 28 26 24 21 20 18 14 21 21 5 2 20 18 12 11 10 5 19 20 20 17 13 4
Case #6: -1 -1 -1 -1 18 18 89 83 77 73 62 47 44 38 29 18 3 -1 -1 -1 -1 -1 -1 -1 29 25 41 47 36 32 -1 38 43 59 58 51 39
Case #7: 21 6 2 15 5 19 17 12 11 19
Case #8: 24 28 27 25 16 13 12 25 26 25 41 40 37 36 35 22 19 12 10 9 6 5 25 25 24 29 28 24 21 19 16 26 24 18 17 16 12 10 9 7 10 16 19 10 5 6 25 23 22 25 15 14 12 11 8 21 19 13 11 4 14 16 22 20 10 3 22 24 23 22 18 15 13 9 5 26 36 35 29 28 27 22 21
Case #9: 8 22 27 26 25 24 25 22 20 18 17 16 15 14 12 11 10
Case #10: 26 28 42 40 37 36 34 33 31 30 51 40 36 26 25 47 40 36 34 33 31 30 29 45 41 40 8 22 20 15 11 9 69 68 87 86 81 80 79 78 77 75 74 49 45 63 62 60 56 54 53 33 30 47 45 44 42 41 36 12 28 25 31 30 26 25 24 23 19 17 15 14 3 21 20 19 17 15 12 11 10 9 5 43 42 41 37 32 31 29 28
Case #11: 30 28 33 39 38 35 34 28 3 24 22 21 15 12 4 31 29 45 48 47 45 44 39 32 24 42 35 34 33 31 28 27 26 8 26 27 24 22 18 16 10 17 21 22 22 20 17 12 8 41 40 36 35 34 28 27 26 28 27 26 24 19 17 8
Case #12: 13 18 25 19 13 10 9 39 35 31 4 16 24 32 27 6 19 16 13 7 21 24 23 21 16 12 28 26 24 42 41 29 58 48 25 36 30
Case #13: 18 16 11 4 6 23 21 40 26 27 24 19 29 29 22 17 9 26 17 20 14 7 23 17 16 14 20 19 7 6 21 15 13 12 11 19 16
Case #14: 23 22 25 39 35 30 27 25 23 27 17 19 23 16 13 11 34 30 23 39 36 33 30 10 24 27 24 15 2 19 19 18 16 15 8 16 20 15 23 42 39 38 34 28
Case #15: 22 20 17 16 13 27 25 22 21 18 17 15 15 5 22 15 16 21 20 3 15 7 12 8 2 22 21 5 24 23 16 29 23 20 18
Case #16: 46 60 57 55 52 50 53 50 48 47 46 38 35 29 32 31 40 38 35 34 33 32 31 28 26 34 34 33 32 30 28 27 26 25 22 20 22 20 19 19 18 14 4 3 76 75 69 68 67 61 59 56 56 55 54 53 52 66 64 60 59 58 57 54 52 50 28 24 27 26 25 23 21 18 16 29 52 47 38 37 34
Case #17: 23 20 17 16 13 11 10 7 10 24 30 28 27 24 21 19 14 12 11 1 22 21 20 19 18 15 14 11 3 2 43 40 39 37 36 35 34 31 30 29 28 27 25 24 13 24 34 32 27 24 23 22 20 19 17 15 14 8 24 28 27 25 23 22 21 19 17 9 23 22 21 17 15 14 13 12 8 2
Case #18: 44 43 33 36 35 25 22 20 19 37 34 83 72 69 68 47 43 36 33 52 49 40 39 32 46 40 39 36 62 55 51 55 54 64 62 50 67 61 56 52 49 55 62 50 25 23 20 19 14
Case #19: 28 25 20 19 18 16 15 13 12 9 22 26 25 18 14 11 10 19 18 17 45 45 41 37 36 33 32 30 28 27 26 38 37 34 32 5 19 12 11 7 29 24 19 15 13 26 43 43 40 36 35 27 19 17 15 6 22 35 21 23 20 19 43 42 40 36 33 27 26 30 24 16 15 14 25 42 36 29 20 18 9 7 6 43 40 39 38 37 33 30 18 24 23 21 20 15 13 12 10 9
Case #20: 19 17 16 9 16 12 5 24 22 14 7 18 17 12 27 23 12 21 18 10 23 27 26 20 19 14 11 20 16 23 19 18 12 21 8 20 17 15
Case #21: 25 23 19 18 17 11 6 22 22 16 14 10 9 25 28 27 21 19 14 12 11 26 24 24 15 14 12 8 20 17 14 13 11 10 9 27 23 20 13 22 23 19 15 13 10 17 16 16 24 24 19 15 12 1 8 12 16 15 1 20 19 14 12 9 22 22 25 20 19 18 17 20 21 20 17 16 12
Case #22: 15 24 23 22 21 20 19 17 16 14 13 12 11 9 7 6 25 24 22 21 20 27 25 24 23 22 21 20 18 17 16 15 14 13 12 10 23 22 21 27 25 24 23 22 20 16 15 14 13 12 11 5 24 23 24 23 22 21 20 18 17 15 14 13 12 11 10 9 6 12 17 17 19 18 17 20 19 19 18 17 16 15 14 11 9 8 7
Case #23: 19 24 18 16 13 10 51 68 67 64 55 24 22 10 5 4 27 26 44 39 36 30 26 13 12 24 19 46
Case #24: 31 32 30 28 26 24 19 15 14 27 26 26 29 26 22 20 16 20 3 2 8 22 10 6 3 1 2 21 20 19 16 6 4 2 21 20 19 9 5 4 2 24 19 13 9 10 23 29 26 24 24 25 24 16 8 7 5 11 15 13 19 21 15 13 12 8 5 27 28 27 26 24 16 12 30 26 16 13
Case #25: 5 4 26 25 24 24 23 22 21 19 18 17 16 15 14 13 12 11 10 9 8 7 6 3 25 25 24 23 22 21 20 19 18 17 14 13 11 10 9 6 5
Case #26: 23 21 19 18 16 20 20 25 25 23 14 23 18 16 13 10 7 4 39 35 30 25 37 34 17 21 19 14 12 24 24 23 40 38 33 30 18 15 14 7 5 2 26 25 4 24 24 12 7 3 19 12 8 5
Case #27: 102 120 118 112 110 109 108 107 104 130 135 147 145 144 141 140 136 135 134 133 127 53 76 66 62 59 152 174 172 162 156 32 31 49 33 192 182 180 26 20 13 24 26 20 19 54 75 73 69 64 62 61 80 100 93 89 87 85 83 81 103 102 124 118 117 110 105
Case #28: 26 36 37 32 27 25 44 43 42 40 28 21 15 12 7 44 40 38 36 30 26 21 20 9 25 23 17 10 24 21 19 15 28 27 25 19 16 12 34 23 19 18 14 10 47 41 39 33 22 23 14 26 25 21 15 13 12 20 12 11 10 25 45 44 38 36 33 24 44 35 26 26 38 37 36 28 25 37 36 38 34 27 26 29 32 26 24
Case #29: 18 14 12 26 27 8 6 43 23 21 8 25 23 17
Case #30: 19 17 16 14 18 23 22 21 20 17 9 10 24 25 19 15 13 20 14 11 10 4 9 17 24 25 24 16 15 13 4 9 11 7 23 21 21 17 10 24 23 20 10 9 6 5 18 17 15 12 5 25 24 27 24 18 12 11 22 26 19 18 16 14 12
Case #31: 30 35 6 7 23 22 11 7 21 34 24 21 15 15 26 22 23 11 9 20 9 28 23 15
Case #32: 6 17 21 21 24 23 20 19 18 17 15 14 12 11 10 9 8 7 1 19 18 17 18 17 16 15 13 11 9 7 6 5 4 3 2 25 24 25 25 25 24 23 21 20 18 17 15 14 12 11 10 9 8 5 17 22 22 20 21 20 19 18 17 15 14 13 12 11 8 7
Case #33: 50 68 58 17 13 10 2 48 -1 -1 -1 22 12 32 30 45 43 41 39 46 54 24 12 21 37 32
Case #34: 36 30 32 45 45 34 1 9 14 16 10 8 4 29 32 31 30 22 25 44 43 38 31 27 34 28 28 26 24 13 24 21 18 9 7 23 22 16 8 16 28 27 23 46 40 28 21 19 13 12 44 44 39 15 25 21 48 40 29
Case #35: 45 42 33 26 25 3 14 11 6 9 26 27 21 19 18 17 15 3 19 22 21 20 13 12 8 7 22 20 19 12 11 9 7 6 13 8 6 23 24 28 14 11 26
Case #36: 5 25 23 18 15 14 9 8 44 43 39 30 26 46 30 28 31 53 51 47 46 40 33 23 24 23 22 20 14 5 20 29 28 27 25 5 26 24 23 15 13 10 6 33 44 41 32 30 51 47 46 45 43 44 36 35 31 29 21 15 33 51 40 37 35 18 33 27 27 32 40 37 35 34 5 21 17 15 59 63 62 55 54
Case #37: 31 27 23 22 25 27 39 38 37 31 26 23 19 11 40 37 34 33 25 27 28 27 28 27 10 27 39 20 18 19 13 24 23 29 35 38 35 29 9 8 16 14 29 33 32 31 28 21 20 20 17 13 12 4 13 27 25 20 19 10 25 45 40 31 27 25 37 41 40 39 35 29
Case #38: 25 22 22 19 17 16 23 22 15 14 8 25 14 9 20 19 10 42 27 15 12 24 20 1 22 12 6 13
Case #39: -1 -1 52 68 -1 51 43 27 24 13 73 89 85 74 -1 73 81 86 100 88 86
Case #40: 14 16 18 17 13 10 6 10 2 20 13 12 10 8 6
Case #41: 35 32 21 23 12 30 24 9 37 32 31 29 43 32 11 23 16 41 40 23 29 23 7 26 18 19
Case #42: -1 -1 -1 -1 -1 -1 -1 -1 -1 -1 -1 -1 -1 -1 -1 -1 -1 -1 -1 -1 -1 -1 -1 -1 -1 -1 28 20 15 -1
Case #43: 10 20 19 24 27 28 27 26 25 23 20 18 17 16 14 13 12 11 7 16 23 22 25 24 25 24 23 21 20 19 18 17 16 15 14 13 12 11 10 8 7 22 29 26 25 24 22 21 20 18 17 16 15 14 13 12 10 9 8
Case #44: 9 27 26 23 21 19 17 10 23 25 8 24 24 13 7 6 23 19 12 11 10 8 4 3 11 22 21 20 19 15 14 12 9 2 2 18 16 13 8 5 4 19 23 22 19 13 10 5 21 19 17 14 11 9 8 7 11 21 20 18 13 6 5 9 11 23 19 11 25 26 24 23 22 21 20 18 17 16 14 8 7 10 24 26 24 23 16 13 11 26 17 15 14 12
Case #45: 20 27 29 27 26 24 22 18 17 16 15 14 13 11 38 37 36 34 33 30 25 24 23 21 17 26 25 44 45 43 42 41 40 38 37 36 33 32 31 30 29 28 27 7 25 27 26 25 20 18 17 15 14 13 9 23 22 17 12 11 10 9 8 4 3 2 26 46 45 42 41 39 38 37 34 33 31 30 29 28
Case #46: 29 21 20 16 23 14 13 12 8 3 22 19 18 20 19 17 9 4 2 10 27 27 28 22 13 13 12 10 7 5 26 27 24 18 13
Case #47: 20 6 27 24 24 10 24 27 25 9 20 12 18 19 14 10 5 22 30 26 23 15 12 19
Case #48: 5 15 23 22 21 20 19 18 16 15 14 13 9 6 7 6 27 25 24 23 22 21 20 19 17 16 14 11 10 8
Case #49: 6 27 24 22 21 19 17 16 13 12 7 5 22 25 18 16 13 12 11 9 8 24 23 21 18 17 14 7
Case #50: 3 21 15 12 5 23 7 6 9 14 9 3 24 22 21 17 15 22 20 18 16 11 11 19 17 15 14 12 11 8 5 18 17 16 15 24 23 22 19 24 21 17 22 20 20 18 15 10 8
Case #51: 5 26 26 24 23 22 21 20 18 16 15 13 12 11 10 9 7 6 4 3 23 22 22 21 20 19 18 16 15 12 11 9 8 5 10 23 22 30 27 26 25 23 22 21 19 18 16 15 14 11 5 23 26 25 24 23 22 19 18 17 15 14 13 12 11 8 9 29 28 26 25 23 20 19 18 16 15 14 13 10
Case #52: 26 -1 -1 4 19 5 77 76 70 65 46 35 -1 82 46 36 -1 -1 -1 -1 -1 31 46 45 44 37 28 26 25 64 56 68 59 56
Case #53: 23 25 15 13 6 19 7 25 24 41 39 37 24 24 18 12 8 27 25 34 3 6 22 19 11 7
Case #54: 43 38 36 31 23 10 27 22 17 9 23 25 25 21 6 24 23 22 21 20 14 7 4 3 12 11 41 41 39 36 29 25
Case #55: 17 28 21 6 2 33 26 22 21 23 37 33 32 29 19 2 23 18 14 9 38 30 24 19 11 10 7 6 18 18 10 23 35 22 21 21 15 10 4 16 15 19 18 8
Case #56: -1 -1 -1 -1 -1 20 18 16 15 8 5 -1 -1 -1 -1 -1 -1 -1 -1 -1 -1 -1 -1 -1 -1 -1 -1 -1 -1 -1 -1 -1 -1 -1 -1 -1 -1 -1 -1 -1 -1 -1 -1 -1 9 27 26 22 17 11 -1 -1 -1 -1 -1 -1 -1 -1 -1 -1 -1 -1 -1 -1 -1 -1 -1 -1 -1 -1 -1 -1 -1 -1 -1 -1 -1 -1 -1 -1 -1 -1 -1 -1 -1 -1 -1
Case #57: 25 20 49 44 40 16 23 20 45 40 38 34 32 29 43 32 27 43 41 31 29 29 28 28 39 34 28 40 38 27 42 28 45 46 37 44 39 29
Case #58: 21 25 14 13 30 41 48 44 37 3 17 16 18 24 22 20 17 10 9 7 25 23 18 11 10
Case #59: 18 18 17 16 12 5 4 18 23 34 26 22 20 15 23 21 34 33 24 22 17 18 10 4 23 23 15 12 11 10 8 6 24 22 19 14 13 22 20 19 17 15 8 3 24 25 24 21 20 8 7 5 1 2 6 19 17 14 13 9 6 5 21 20 18 12 10 9 7 6 4 19 16 15 13 6 3 5 22 23 22 23 18 17 15 13 12 11 8
Case #60: 2 10 10 16 15 17 16 14 13 11 10 9 7 6 5 4 3 8 9 23 22 21 24 22 21 20 19 17 15 14 13 12 9 3 15 16 19 20 20 19 19 18 16 14 13 12 11 10 8 5 4 7 8 22 22 23 22 21 20 19 15 14 13 12 11 10
Case #61: 13 26 23 43 42 35 16 14 18 8 24 29 33 28 27 21 22 16 14 8 22 19 32 46 42 40 35 28 43 39 37 34 23 33 35 25 41 42 39 33 42 38 27 19 15 26 24 20 16 14 10
Case #62: 5 17 15 12 10 8 7 6 21 17 16 14 13 11 9 5 15 14 12 11 5 5 23 23 16 15 14 9 4 8 25 22 20 18 17 16 14 13 12 10
Case #63: -1 -1 -1 -1 -1 -1 -1 -1 -1 -1 -1 -1 -1 -1 -1 -1 -1 -1 -1 -1 -1 -1 -1 -1 -1 -1 -1 -1
Case #64: 32 48 47 42 39 50 67 66 22 17 14 5 23 13 8 -1 -1 46 45 44 38 37 69 68 47 45 43 42 37 34 85 79 59 95 50 49 49 46 48 55
Case #65: -1 -1 -1 -1 -1 -1 -1 -1 -1 -1 -1 -1 -1 -1 -1 -1 -1 -1 -1 -1 -1 -1 -1 -1 -1 -1 -1 -1 12 23 16 11 10 8 7 -1 -1 -1 -1 -1 -1 -1 -1 -1 -1 -1 -1 -1 -1 -1 -1 -1 -1 -1 -1 -1 -1 -1 -1 -1 -1 -1 -1 -1 -1 -1 -1 -1 -1 -1 -1 -1 -1 -1 -1 -1 -1 -1 -1 -1 -1 -1 -1 -1 -1 -1 -1 -1 -1 -1 -1 -1 -1 -1
Case #66: 9 27 28 27 29 28 27 23 18 15 14 12 11 20 18 17 16 15 10 9 8 7 4 3 4 13 16 15 14 13 11 10 7 5 2
Case #67: 3 22 21 20 19 18 16 15 14 11 10 7 6 5 4 4 26 26 24 23 22 18 17 15 14 13 11 6 5 7 27 27 26 27 26 25 24 23 22 21 20 19 16 15 14 12 11 9 3 22 24 24 23 22 20 18 17 16 15 14 13 12 10 9 8 6 5 29 28 27 24 22 21 20 19 18 17 15 14 13 11 10
Case #68: 20 22 24 23 19 16 7 18 21 15 14 5 22 18 15 12 10 8 24 25 26 24 22 21 17
Case #69: 2 21 16 14 11 5 9 22 19 13 10 8 4 5 23 21 17 16 15 12 6 5 9 24 23 21 16 14 10 25 19 18 14 10 9 7 13 23 25 15 13 12 10 22 19 18 11 9 8 18 16 12 11 7 3 24 23 22 16 12 11
Case #70: 17 27 23 22 20 19 18 12 10 22 24 43 42 37 36 32 30 6 26 22 13 28 24 21 17 14 11 9 14 25 24 21 16 13 10 9 7 27 19 15 14 12 11 8 5 13 19 18 17 11 8 22 24 20 11 10 8 7 19 15 14 10 7 6 4 2 18 29 29 25 20 19 7 26 19 9 24 23 24 29 25 20 19 17 15 14 17 17 15 9 7 4
Case #71: 21 19 5 6 27 16 25 13 24 22 14 35 10 32 30 25 26 11 8 17
Case #72: 28 41 34 22 18 14 11 9 5 20 20 19 18 13 11 9 8 26 37 36 35 34 30 28 19 17 11 26 27 24 22 13 21 14 11 8 6
Case #73: 22 19 14 10 25 27 9 32 32 29 26 30 28 26 23 11 22 15 23 22 20 13 11 18 15 13 9 8 24 19 23 16 29 39 4 23 10 23 19 11 23 28 30 24 11 11
Case #74: 23 23 24 19 15 25 24 21 20 18 39 32 30 28 24 21 20 19 15 10 4 12 7 18 14 11 10 22 25 24 21 11 23 25 30 28 22 17 18 26 20 16 12 13 17 16 15 11 10 8 4 27 23 19 14 12 15 21 16 10 5 26 29 19 14 17 21 16 8 23 18 17 10 18 19 21 19 16 15 11 4 3
Case #75: 16 23 19 18 12 12 21 12 7 24 9
Case #76: 41 40 34 30 17 23 22 19 13 12 9 8 17 18 18 17 16 15 11 7 4 28 28 20 13 11 5 6 24 24 18 15 14 11 9 15 26 28 27 25 21 20 19 13 12 10 3 20 20 19 17 12 10 6 4 27 25 39 37 31 26 28 25 43 42 40 39 32 29 28 26 19 18 13 12 10 25 23 20 19 16 13 4 22 21 20 19 10 7 4
Case #77: 2 20 19 16 15 13 10 7 24 23 20 11 9 7 6
Case #78: 13 30 29 33 32 31 30 29 28 27 26 24 23 22 21 19 18 16 15 10 10 28 30 28 25 24 22 19 17 15 14 13 12 11 3 23 22 20 19 18 16 15 14 13 12 11 10 9 7 5 4 24 22 21 17 13 11 10 9 8 7 6 1 23 22 18 17 16 15 13 11 7 6 4
Case #79: 23 30 29 41 37 31 28 27 25 10 20 20 21 25 22 20 19 17 15 13 12 6 9 13 21 17 15 14 13 12 9 8 7 5 4 19 23 24 21 18 17 15 11 7 5 17 16 13 11 8 6 4 3 2
Case #80: 39 29 9 32 36 45 39 27 48 44 33 32 30 23 38 36 34 30 23 29 15 14 13 18 27 19 15 43 36 34 32 26 39 34 23
Case #81: 5 22 21 20 16 12 11 10 9 6 5 16 29 27 25 22 18 17 14 13 12 11 6 23 23 23 22 25 24 23 20 19 16 11 7
Case #82: 23 21 13 10 4 23 22 12 8 7 19 17 13 12 5 22 26 25 21 20 13 11 10 5 23 23 21 17 14 13 12 10 4 20 17 16 15 6 17 26 23 22 21 17 12 6 2 10 23 18 18 19 18 17 13 11 9 23 23 22 17 13 6 35 33 32 31 29 26 24 23 22 21 23 20 18 13 12 19 18 19 16 13 12 8 4
Case #83: 31 51 50 42 41 40 36 35 28 47 36 30 48 47 45 40 36 35 33 52 70 64 57 25 24 20 12 27 47 46 45 43 42 37 32 29 28 32 51 47 46 44 43 40 36 34 33 48 43 33 95 89 84 82 80 15 23 22 20 15 14 97 95 93 85 84 82 73 70 67 61 59 93 92 83 75 115 113 111 109 107 100 99 66 59 57 56 55
Case #84: 24 17 12 24 21 17 16 14 28 19 18 13 22 20 18 14 12 15 10 9 7 11 10 18 8 4
Case #85: 33 30 42 41 36 29 26 14 17 15 14 12 10 6 19 28 35 28 24 22 20 21 32 31 25 24 20 24 24 34 31 30 29 25 22 17 19 18 18 11 10 6 3 24 23 26 23 22 15 14 24 36 30 29 25 24 23 22 21 20 18 17 10 23 21 30 29 25 22 26 26 25 25 42 41 34 31 30 7 15 17 18 14 8 6 5 4 30 27 40 41 40 39 36 33 27 24 21 21 19
Case #86: 44 38 36 33 22 20 17 43 40 35 31 25 25 23 27 25 27 21 15 13 33 46 45 30 26 23 23 21 29 40 39 34 33 41 33 30 29 17 11 27 29 21 17 14 26 42 38 34 33 32 26 44 35 44 40 30 18 16
Case #87: 5 4 19 26 25 24 21 18 17 16 15 13 10 9 8 24 24 23 22 21 20 19 18 16 13 10 8 7 13 28 27 27 23 20 19 18 17 16 15 14 12 10 10 14 23 31 30 26 24 23 22 21 18 17 16 15 14 12 11
Case #88: 10 22 29 28 27 23 21 20 19 18 17 16 15 14 13 12 11 7 27 27 26 25 24 22 21 20 18 16 15 14 13 11 9 7 25 24 25 25 24 23 21 20 19 18 17 16 15 13 12 11 10 9 8 5 14 16 19 20 22 21 18 17 16 15 14 13 11 10 8 7 5 5 10 24 22 24 23 22 21 20 19 18 16 14 13 11 9 8 6
Case #89: 31 26 19 16 15 22 38 26 9 10 6 18 17 16 7 12 6 23 20 20 10
Case #90: 22 26 25 21 20 18 16 15 13 12 10 9 8 21 22 25 24 23 22 21 20 19 18 14 9 7 6 2 23 22 17 16 14 11 7 24 24 22 21 13 12 11 9
Case #91: 1 19 18 18 17 16 14 13 12 11 10 9 8 7 6 5 4 3 2
Case #92: 13 28 27 25 19 18 14 52 45 40 28 23 19 18 16 12 8 16 16 15 10 8 6 2 41 34 33 30 28 27 20 24 29 22
Case #93: 31 29 24 23 22 19 17 24 40 34 32 31 20 27 23 19 16 13 11 8 27 24 23 15 14 11 10 26 17 12 9
Case #94: 26 25 24 16 12 24 22 41 39 38 33 32 24 22 21 28 43 42 40 37 36 35 31 43 42 40 38 37 32 30 43 36 30 23 19 14 13 10 6 30 23 16 24 23 14 9 21 20 14 11 6 18 21 24 21 10 24 22 35 33 26 22 5 23 19 13 12 10 6 23 24 25 24 21 17 15 14 13 12 11
Case #95: 2 22 21 20 19 18 15 14 13 8 7 4 3 24 21 20 18 17 11 9 7 5 4 53 76 75 73 72 70 68 66 65 63 60 59 58 26 43 42 41 35 32 30 28 31 30 29 47 51 50 46 43 42 40 39 36 35 33 31 30 43 42 41 40 38 37 36 35 34 28 27 25 24 23 22 21 20 18 17 16 15 14 13 10
Case #96: 4 13 24 23 24 23 22 21 19 18 17 16 15 13 12 11 10 9 8 7 6 5 6 9 23 24 25 24 23 22 21 20 19 18 17 16 14 13 12 11 9 8 7 3 18 25 24 23 22 21 19 18 17 16 15 14 13 12 11 10 9 8 7 6 5 4 8 24 28 27 26 25 24 23 22 21 20 19 18 17 16 15 14 13 11 10 9
Case #97: 55 78 71 69 66 64 63 61 58 57 28 47 44 37 54 75 73 72 71 68 66 65 26 25 48 45 40 35 34 32 27 53 52 51 49 48 43 41 35 68 66 64 60 56 51 50 72 67 59 57 52 32 53 49 48 45 42 41 39 37 55 77 73 72 71 69 67 65 64 57 95 93 91 88 85 82 78 74 25 23 17 14 12 11 8 28 51 49 46 34 31
Case #98: 33 32 48 45 40 35 34 32 29 47 43 26 22 8 -1 -1 -1 18 20 24 21 17 16 51 49 48 69 68 67 55 9 8 7 5 28 43 30 28 25 24 36 31
Case #99: 17 21 27 26 25 32 39 38 32 39 37 25 36 15 12 17 11 5
Case #100: 2 19 15 12 8 24 32 25 19 24 22 19 15 31 30 28 27 18 18 10 21 18 16 12 11 10 5 37 35 26 27 24 18 12 11 28 26 24 43 40 25 27 19 16 14 12 9 26 25 11
